2017-12-03 22:23:03,317 0    [main] INFO  org.hibernate.annotations.common.Version  - HCANN000001: Hibernate Commons Annotations {4.0.5.Final}
2017-12-03 22:23:03,345 28   [main] INFO  org.hibernate.Version  - HHH000412: Hibernate Core {4.3.11.Final}
2017-12-03 22:23:03,351 34   [main] INFO  org.hibernate.cfg.Environment  - HHH000206: hibernate.properties not found
2017-12-03 22:23:03,355 38   [main] INFO  org.hibernate.cfg.Environment  - HHH000021: Bytecode provider name : javassist
2017-12-03 22:23:03,415 98   [main] INFO  org.hibernate.cfg.Configuration  - HHH000043: Configuring from resource: /hibernate.cfg.xml
2017-12-03 22:23:03,415 98   [main] INFO  org.hibernate.cfg.Configuration  - HHH000040: Configuration resource: /hibernate.cfg.xml
2017-12-03 22:23:03,782 465  [main] INFO  org.hibernate.cfg.Configuration  - HHH000041: Configured SessionFactory: null
2017-12-03 22:23:04,087 770  [main] WARN  org.hibernate.engine.jdbc.connections.internal.DriverManagerConnectionProviderImpl  - HHH000402: Using Hibernate built-in connection pool (not for production use!)
2017-12-03 22:23:04,106 789  [main] INFO  org.hibernate.engine.jdbc.connections.internal.DriverManagerConnectionProviderImpl  - HHH000401: using driver [com.mysql.jdbc.Driver] at URL [jdbc:mysql://localhost:3306/productivityapp_dbtest]
2017-12-03 22:23:04,106 789  [main] INFO  org.hibernate.engine.jdbc.connections.internal.DriverManagerConnectionProviderImpl  - HHH000046: Connection properties: {user=root, password=****}
2017-12-03 22:23:04,107 790  [main] INFO  org.hibernate.engine.jdbc.connections.internal.DriverManagerConnectionProviderImpl  - HHH000006: Autocommit mode: false
2017-12-03 22:23:04,112 795  [main] INFO  org.hibernate.engine.jdbc.connections.internal.DriverManagerConnectionProviderImpl  - HHH000115: Hibernate connection pool size: 20 (min=1)
2017-12-03 22:23:05,216 1899 [main] INFO  org.hibernate.dialect.Dialect  - HHH000400: Using dialect: org.hibernate.dialect.MySQL5Dialect
2017-12-03 22:23:06,002 2685 [main] INFO  org.hibernate.engine.transaction.internal.TransactionFactoryInitiator  - HHH000399: Using default transaction strategy (direct JDBC transactions)
2017-12-03 22:23:06,017 2700 [main] INFO  org.hibernate.hql.internal.ast.ASTQueryTranslatorFactory  - HHH000397: Using ASTQueryTranslatorFactory
2017-12-03 22:23:06,981 3664 [main] INFO  org.hibernate.tool.hbm2ddl.SchemaUpdate  - HHH000228: Running hbm2ddl schema update
2017-12-03 22:23:06,981 3664 [main] INFO  org.hibernate.tool.hbm2ddl.SchemaUpdate  - HHH000102: Fetching database metadata
2017-12-03 22:23:06,984 3667 [main] INFO  org.hibernate.tool.hbm2ddl.SchemaUpdate  - HHH000396: Updating schema
2017-12-03 22:23:07,036 3719 [main] INFO  org.hibernate.tool.hbm2ddl.TableMetadata  - HHH000261: Table found: productivityapp_dbtest.open_weather_data
2017-12-03 22:23:07,036 3719 [main] INFO  org.hibernate.tool.hbm2ddl.TableMetadata  - HHH000037: Columns: [max_temperature, open_weather_city, open_weather_id_pk, open_weather_record_date, barometric_pressure, min_tempature, humidity_percentage]
2017-12-03 22:23:07,037 3720 [main] INFO  org.hibernate.tool.hbm2ddl.TableMetadata  - HHH000108: Foreign keys: []
2017-12-03 22:23:07,037 3720 [main] INFO  org.hibernate.tool.hbm2ddl.TableMetadata  - HHH000126: Indexes: [primary]
2017-12-03 22:23:07,045 3728 [main] INFO  org.hibernate.tool.hbm2ddl.TableMetadata  - HHH000261: Table found: productivityapp_dbtest.task
2017-12-03 22:23:07,045 3728 [main] INFO  org.hibernate.tool.hbm2ddl.TableMetadata  - HHH000037: Columns: [task_name, task_id, task_id_pk]
2017-12-03 22:23:07,046 3729 [main] INFO  org.hibernate.tool.hbm2ddl.TableMetadata  - HHH000108: Foreign keys: []
2017-12-03 22:23:07,046 3729 [main] INFO  org.hibernate.tool.hbm2ddl.TableMetadata  - HHH000126: Indexes: [primary]
2017-12-03 22:23:07,059 3742 [main] INFO  org.hibernate.tool.hbm2ddl.TableMetadata  - HHH000261: Table found: productivityapp_dbtest.user_roles
2017-12-03 22:23:07,059 3742 [main] INFO  org.hibernate.tool.hbm2ddl.TableMetadata  - HHH000037: Columns: [role_name, user_role_id_pk, user_name]
2017-12-03 22:23:07,059 3742 [main] INFO  org.hibernate.tool.hbm2ddl.TableMetadata  - HHH000108: Foreign keys: [user_name_fk]
2017-12-03 22:23:07,059 3742 [main] INFO  org.hibernate.tool.hbm2ddl.TableMetadata  - HHH000126: Indexes: [user_name_fk, primary]
2017-12-03 22:23:07,071 3754 [main] INFO  org.hibernate.tool.hbm2ddl.TableMetadata  - HHH000261: Table found: productivityapp_dbtest.user_tasks_list_records
2017-12-03 22:23:07,071 3754 [main] INFO  org.hibernate.tool.hbm2ddl.TableMetadata  - HHH000037: Columns: [task_name, start_time, task_list_id_pk, task_status, end_time]
2017-12-03 22:23:07,071 3754 [main] INFO  org.hibernate.tool.hbm2ddl.TableMetadata  - HHH000108: Foreign keys: []
2017-12-03 22:23:07,071 3754 [main] INFO  org.hibernate.tool.hbm2ddl.TableMetadata  - HHH000126: Indexes: [primary]
2017-12-03 22:23:07,078 3761 [main] INFO  org.hibernate.tool.hbm2ddl.TableMetadata  - HHH000261: Table found: productivityapp_dbtest.users
2017-12-03 22:23:07,078 3761 [main] INFO  org.hibernate.tool.hbm2ddl.TableMetadata  - HHH000037: Columns: [user_date_birth, user_email, user_first_name, user_id_pk, user_last_name, user_name, user_city, user_registered_date, user_pass]
2017-12-03 22:23:07,078 3761 [main] INFO  org.hibernate.tool.hbm2ddl.TableMetadata  - HHH000108: Foreign keys: []
2017-12-03 22:23:07,079 3762 [main] INFO  org.hibernate.tool.hbm2ddl.TableMetadata  - HHH000126: Indexes: [users_user_name_uindex, uk_k8d0f2n7n88w1a16yhua64onx, primary]
2017-12-03 22:23:07,080 3763 [main] INFO  org.hibernate.tool.hbm2ddl.SchemaUpdate  - HHH000232: Schema update complete
2017-12-05 11:58:19,962 0    [main] INFO  edu.matc.persistence.UserDaoTest  - User's Name: Harold Washington
UserName: DaMayor
UserPassword: password
User Birthdate: 1922-04-15
Email: Washington
City: Chicago
Registered Date: null
2017-12-05 12:00:53,834 0    [main] INFO  edu.matc.persistence.UserDaoTest  - 
User's Name: Harold Washington
User Name: DaMayor
UserPassword: password
User Birthdate: 1922-04-15
Email: Washington
City: Chicago
Registered Date: nullUser Id: 0
2017-12-05 12:01:39,176 0    [main] INFO  edu.matc.persistence.UserDaoTest  - 
User's Name: Harold Washington
User Name: DaMayor
UserPassword: password
User Birthdate: 1922-04-15
Email: Washington
City: Chicago
Registered Date: null
User Id: 0
2017-12-05 12:03:26,956 0    [main] INFO  org.hibernate.annotations.common.Version  - HCANN000001: Hibernate Commons Annotations {4.0.5.Final}
2017-12-05 12:03:26,973 17   [main] INFO  org.hibernate.Version  - HHH000412: Hibernate Core {4.3.11.Final}
2017-12-05 12:03:26,980 24   [main] INFO  org.hibernate.cfg.Environment  - HHH000206: hibernate.properties not found
2017-12-05 12:03:26,982 26   [main] INFO  org.hibernate.cfg.Environment  - HHH000021: Bytecode provider name : javassist
2017-12-05 12:03:27,042 86   [main] INFO  org.hibernate.cfg.Configuration  - HHH000043: Configuring from resource: /hibernate.cfg.xml
2017-12-05 12:03:27,042 86   [main] INFO  org.hibernate.cfg.Configuration  - HHH000040: Configuration resource: /hibernate.cfg.xml
2017-12-05 12:03:27,209 253  [main] INFO  org.hibernate.cfg.Configuration  - HHH000041: Configured SessionFactory: null
2017-12-05 12:03:27,435 479  [main] WARN  org.hibernate.engine.jdbc.connections.internal.DriverManagerConnectionProviderImpl  - HHH000402: Using Hibernate built-in connection pool (not for production use!)
2017-12-05 12:03:27,449 493  [main] INFO  org.hibernate.engine.jdbc.connections.internal.DriverManagerConnectionProviderImpl  - HHH000401: using driver [com.mysql.jdbc.Driver] at URL [jdbc:mysql://localhost:3306/productivityapp_dbtest]
2017-12-05 12:03:27,449 493  [main] INFO  org.hibernate.engine.jdbc.connections.internal.DriverManagerConnectionProviderImpl  - HHH000046: Connection properties: {user=root, password=****}
2017-12-05 12:03:27,450 494  [main] INFO  org.hibernate.engine.jdbc.connections.internal.DriverManagerConnectionProviderImpl  - HHH000006: Autocommit mode: false
2017-12-05 12:03:27,451 495  [main] INFO  org.hibernate.engine.jdbc.connections.internal.DriverManagerConnectionProviderImpl  - HHH000115: Hibernate connection pool size: 20 (min=1)
2017-12-05 12:03:28,551 1595 [main] INFO  org.hibernate.dialect.Dialect  - HHH000400: Using dialect: org.hibernate.dialect.MySQL5Dialect
2017-12-05 12:03:29,185 2229 [main] INFO  org.hibernate.engine.transaction.internal.TransactionFactoryInitiator  - HHH000399: Using default transaction strategy (direct JDBC transactions)
2017-12-05 12:03:29,193 2237 [main] INFO  org.hibernate.hql.internal.ast.ASTQueryTranslatorFactory  - HHH000397: Using ASTQueryTranslatorFactory
2017-12-05 12:03:29,817 2861 [main] INFO  org.hibernate.tool.hbm2ddl.SchemaUpdate  - HHH000228: Running hbm2ddl schema update
2017-12-05 12:03:29,817 2861 [main] INFO  org.hibernate.tool.hbm2ddl.SchemaUpdate  - HHH000102: Fetching database metadata
2017-12-05 12:03:29,822 2866 [main] INFO  org.hibernate.tool.hbm2ddl.SchemaUpdate  - HHH000396: Updating schema
2017-12-05 12:03:30,026 3070 [main] INFO  org.hibernate.tool.hbm2ddl.TableMetadata  - HHH000261: Table found: productivityapp_dbtest.open_weather_data
2017-12-05 12:03:30,026 3070 [main] INFO  org.hibernate.tool.hbm2ddl.TableMetadata  - HHH000037: Columns: [max_temperature, open_weather_city, open_weather_id_pk, open_weather_record_date, barometric_pressure, min_tempature, humidity_percentage]
2017-12-05 12:03:30,026 3070 [main] INFO  org.hibernate.tool.hbm2ddl.TableMetadata  - HHH000108: Foreign keys: []
2017-12-05 12:03:30,026 3070 [main] INFO  org.hibernate.tool.hbm2ddl.TableMetadata  - HHH000126: Indexes: [primary]
2017-12-05 12:03:30,049 3093 [main] INFO  org.hibernate.tool.hbm2ddl.TableMetadata  - HHH000261: Table found: productivityapp_dbtest.task
2017-12-05 12:03:30,050 3094 [main] INFO  org.hibernate.tool.hbm2ddl.TableMetadata  - HHH000037: Columns: [task_name, task_id, task_id_pk]
2017-12-05 12:03:30,050 3094 [main] INFO  org.hibernate.tool.hbm2ddl.TableMetadata  - HHH000108: Foreign keys: []
2017-12-05 12:03:30,050 3094 [main] INFO  org.hibernate.tool.hbm2ddl.TableMetadata  - HHH000126: Indexes: [primary]
2017-12-05 12:03:30,078 3122 [main] INFO  org.hibernate.tool.hbm2ddl.TableMetadata  - HHH000261: Table found: productivityapp_dbtest.user_roles
2017-12-05 12:03:30,078 3122 [main] INFO  org.hibernate.tool.hbm2ddl.TableMetadata  - HHH000037: Columns: [role_name, user_role_id_pk, user_name]
2017-12-05 12:03:30,078 3122 [main] INFO  org.hibernate.tool.hbm2ddl.TableMetadata  - HHH000108: Foreign keys: [user_name_fk]
2017-12-05 12:03:30,079 3123 [main] INFO  org.hibernate.tool.hbm2ddl.TableMetadata  - HHH000126: Indexes: [user_name_fk, primary]
2017-12-05 12:03:30,099 3143 [main] INFO  org.hibernate.tool.hbm2ddl.TableMetadata  - HHH000261: Table found: productivityapp_dbtest.user_tasks_list_records
2017-12-05 12:03:30,099 3143 [main] INFO  org.hibernate.tool.hbm2ddl.TableMetadata  - HHH000037: Columns: [task_name, start_time, task_list_id_pk, task_status, end_time]
2017-12-05 12:03:30,099 3143 [main] INFO  org.hibernate.tool.hbm2ddl.TableMetadata  - HHH000108: Foreign keys: []
2017-12-05 12:03:30,099 3143 [main] INFO  org.hibernate.tool.hbm2ddl.TableMetadata  - HHH000126: Indexes: [primary]
2017-12-05 12:03:30,111 3155 [main] INFO  org.hibernate.tool.hbm2ddl.TableMetadata  - HHH000261: Table found: productivityapp_dbtest.users
2017-12-05 12:03:30,111 3155 [main] INFO  org.hibernate.tool.hbm2ddl.TableMetadata  - HHH000037: Columns: [user_date_birth, user_email, user_first_name, user_id_pk, user_last_name, user_name, user_city, user_registered_date, user_pass]
2017-12-05 12:03:30,111 3155 [main] INFO  org.hibernate.tool.hbm2ddl.TableMetadata  - HHH000108: Foreign keys: []
2017-12-05 12:03:30,111 3155 [main] INFO  org.hibernate.tool.hbm2ddl.TableMetadata  - HHH000126: Indexes: [users_user_name_uindex, uk_k8d0f2n7n88w1a16yhua64onx, primary]
2017-12-05 12:03:30,113 3157 [main] INFO  org.hibernate.tool.hbm2ddl.SchemaUpdate  - HHH000232: Schema update complete
2017-12-05 12:03:30,634 3678 [main] INFO  org.hibernate.event.internal.DefaultLoadEventListener  - HHH000327: Error performing load command : org.hibernate.PropertyAccessException: could not get a field value by reflection getter of edu.matc.entity.User.userName
2017-12-05 12:03:30,635 3679 [main] ERROR edu.matc.persistence.UserDao  - Error getting user with id: 2
org.hibernate.PropertyAccessException: could not get a field value by reflection getter of edu.matc.entity.User.userName
	at org.hibernate.property.DirectPropertyAccessor$DirectGetter.get(DirectPropertyAccessor.java:60)
	at org.hibernate.tuple.component.AbstractComponentTuplizer.getPropertyValue(AbstractComponentTuplizer.java:76)
	at org.hibernate.type.ComponentType.getPropertyValue(ComponentType.java:414)
	at org.hibernate.type.ComponentType.getHashCode(ComponentType.java:255)
	at org.hibernate.engine.spi.CollectionKey.generateHashCode(CollectionKey.java:81)
	at org.hibernate.engine.spi.CollectionKey.<init>(CollectionKey.java:75)
	at org.hibernate.engine.spi.CollectionKey.<init>(CollectionKey.java:60)
	at org.hibernate.engine.loading.internal.CollectionLoadContext.getLoadingCollection(CollectionLoadContext.java:112)
	at org.hibernate.loader.plan.exec.process.internal.CollectionReferenceInitializerImpl.finishUpRow(CollectionReferenceInitializerImpl.java:120)
	at org.hibernate.loader.plan.exec.process.internal.AbstractRowReader.readRow(AbstractRowReader.java:125)
	at org.hibernate.loader.plan.exec.internal.EntityLoadQueryDetails$EntityLoaderRowReader.readRow(EntityLoadQueryDetails.java:256)
	at org.hibernate.loader.plan.exec.process.internal.ResultSetProcessorImpl.extractResults(ResultSetProcessorImpl.java:129)
	at org.hibernate.loader.plan.exec.internal.AbstractLoadPlanBasedLoader.executeLoad(AbstractLoadPlanBasedLoader.java:138)
	at org.hibernate.loader.plan.exec.internal.AbstractLoadPlanBasedLoader.executeLoad(AbstractLoadPlanBasedLoader.java:102)
	at org.hibernate.loader.entity.plan.AbstractLoadPlanBasedEntityLoader.load(AbstractLoadPlanBasedEntityLoader.java:186)
	at org.hibernate.persister.entity.AbstractEntityPersister.load(AbstractEntityPersister.java:4126)
	at org.hibernate.event.internal.DefaultLoadEventListener.loadFromDatasource(DefaultLoadEventListener.java:503)
	at org.hibernate.event.internal.DefaultLoadEventListener.doLoad(DefaultLoadEventListener.java:468)
	at org.hibernate.event.internal.DefaultLoadEventListener.load(DefaultLoadEventListener.java:213)
	at org.hibernate.event.internal.DefaultLoadEventListener.proxyOrLoad(DefaultLoadEventListener.java:275)
	at org.hibernate.event.internal.DefaultLoadEventListener.onLoad(DefaultLoadEventListener.java:151)
	at org.hibernate.internal.SessionImpl.fireLoad(SessionImpl.java:1106)
	at org.hibernate.internal.SessionImpl.access$2000(SessionImpl.java:176)
	at org.hibernate.internal.SessionImpl$IdentifierLoadAccessImpl.load(SessionImpl.java:2587)
	at org.hibernate.internal.SessionImpl.get(SessionImpl.java:991)
	at edu.matc.persistence.UserDao.getUserById(UserDao.java:169)
	at edu.matc.persistence.UserDaoTest.addUserTest(UserDaoTest.java:81)
	at sun.reflect.NativeMethodAccessorImpl.invoke0(Native Method)
	at sun.reflect.NativeMethodAccessorImpl.invoke(NativeMethodAccessorImpl.java:62)
	at sun.reflect.DelegatingMethodAccessorImpl.invoke(DelegatingMethodAccessorImpl.java:43)
	at java.lang.reflect.Method.invoke(Method.java:498)
	at org.junit.runners.model.FrameworkMethod$1.runReflectiveCall(FrameworkMethod.java:50)
	at org.junit.internal.runners.model.ReflectiveCallable.run(ReflectiveCallable.java:12)
	at org.junit.runners.model.FrameworkMethod.invokeExplosively(FrameworkMethod.java:47)
	at org.junit.internal.runners.statements.InvokeMethod.evaluate(InvokeMethod.java:17)
	at org.junit.internal.runners.statements.RunBefores.evaluate(RunBefores.java:26)
	at org.junit.runners.ParentRunner.runLeaf(ParentRunner.java:325)
	at org.junit.runners.BlockJUnit4ClassRunner.runChild(BlockJUnit4ClassRunner.java:78)
	at org.junit.runners.BlockJUnit4ClassRunner.runChild(BlockJUnit4ClassRunner.java:57)
	at org.junit.runners.ParentRunner$3.run(ParentRunner.java:290)
	at org.junit.runners.ParentRunner$1.schedule(ParentRunner.java:71)
	at org.junit.runners.ParentRunner.runChildren(ParentRunner.java:288)
	at org.junit.runners.ParentRunner.access$000(ParentRunner.java:58)
	at org.junit.runners.ParentRunner$2.evaluate(ParentRunner.java:268)
	at org.junit.runners.ParentRunner.run(ParentRunner.java:363)
	at org.junit.runner.JUnitCore.run(JUnitCore.java:137)
	at com.intellij.junit4.JUnit4IdeaTestRunner.startRunnerWithArgs(JUnit4IdeaTestRunner.java:68)
	at com.intellij.rt.execution.junit.IdeaTestRunner$Repeater.startRunnerWithArgs(IdeaTestRunner.java:47)
	at com.intellij.rt.execution.junit.JUnitStarter.prepareStreamsAndStart(JUnitStarter.java:242)
	at com.intellij.rt.execution.junit.JUnitStarter.main(JUnitStarter.java:70)
Caused by: java.lang.IllegalArgumentException: Can not set java.lang.String field edu.matc.entity.User.userName to java.lang.Integer
	at sun.reflect.UnsafeFieldAccessorImpl.throwSetIllegalArgumentException(UnsafeFieldAccessorImpl.java:167)
	at sun.reflect.UnsafeFieldAccessorImpl.throwSetIllegalArgumentException(UnsafeFieldAccessorImpl.java:171)
	at sun.reflect.UnsafeFieldAccessorImpl.ensureObj(UnsafeFieldAccessorImpl.java:58)
	at sun.reflect.UnsafeObjectFieldAccessorImpl.get(UnsafeObjectFieldAccessorImpl.java:36)
	at java.lang.reflect.Field.get(Field.java:393)
	at org.hibernate.property.DirectPropertyAccessor$DirectGetter.get(DirectPropertyAccessor.java:57)
	... 49 more
2017-12-05 12:03:30,642 3686 [main] WARN  org.hibernate.engine.loading.internal.LoadContexts  - HHH000100: Fail-safe cleanup (collections) : org.hibernate.engine.loading.internal.CollectionLoadContext@48a12036<rs=com.mysql.jdbc.JDBC42ResultSet@2f05be7f>
2017-12-05 12:03:30,643 3687 [main] INFO  edu.matc.persistence.UserDaoTest  - The user is 
User's Name: Harold Washington
User Name: DaMayor
UserPassword: password
User Birthdate: 1922-04-15
Email: Washington
City: Chicago
Registered Date: null
User Id: 2
2017-12-05 12:06:58,732 0    [main] INFO  org.hibernate.annotations.common.Version  - HCANN000001: Hibernate Commons Annotations {4.0.5.Final}
2017-12-05 12:06:58,745 13   [main] INFO  org.hibernate.Version  - HHH000412: Hibernate Core {4.3.11.Final}
2017-12-05 12:06:58,749 17   [main] INFO  org.hibernate.cfg.Environment  - HHH000206: hibernate.properties not found
2017-12-05 12:06:58,757 25   [main] INFO  org.hibernate.cfg.Environment  - HHH000021: Bytecode provider name : javassist
2017-12-05 12:06:58,795 63   [main] INFO  org.hibernate.cfg.Configuration  - HHH000043: Configuring from resource: /hibernate.cfg.xml
2017-12-05 12:06:58,795 63   [main] INFO  org.hibernate.cfg.Configuration  - HHH000040: Configuration resource: /hibernate.cfg.xml
2017-12-05 12:06:59,002 270  [main] INFO  org.hibernate.cfg.Configuration  - HHH000041: Configured SessionFactory: null
2017-12-05 12:06:59,210 478  [main] WARN  org.hibernate.engine.jdbc.connections.internal.DriverManagerConnectionProviderImpl  - HHH000402: Using Hibernate built-in connection pool (not for production use!)
2017-12-05 12:06:59,228 496  [main] INFO  org.hibernate.engine.jdbc.connections.internal.DriverManagerConnectionProviderImpl  - HHH000401: using driver [com.mysql.jdbc.Driver] at URL [jdbc:mysql://localhost:3306/productivityapp_dbtest]
2017-12-05 12:06:59,229 497  [main] INFO  org.hibernate.engine.jdbc.connections.internal.DriverManagerConnectionProviderImpl  - HHH000046: Connection properties: {user=root, password=****}
2017-12-05 12:06:59,229 497  [main] INFO  org.hibernate.engine.jdbc.connections.internal.DriverManagerConnectionProviderImpl  - HHH000006: Autocommit mode: false
2017-12-05 12:06:59,232 500  [main] INFO  org.hibernate.engine.jdbc.connections.internal.DriverManagerConnectionProviderImpl  - HHH000115: Hibernate connection pool size: 20 (min=1)
2017-12-05 12:07:00,040 1308 [main] INFO  org.hibernate.dialect.Dialect  - HHH000400: Using dialect: org.hibernate.dialect.MySQL5Dialect
2017-12-05 12:07:00,856 2124 [main] INFO  org.hibernate.engine.transaction.internal.TransactionFactoryInitiator  - HHH000399: Using default transaction strategy (direct JDBC transactions)
2017-12-05 12:07:00,866 2134 [main] INFO  org.hibernate.hql.internal.ast.ASTQueryTranslatorFactory  - HHH000397: Using ASTQueryTranslatorFactory
2017-12-05 12:07:01,893 3161 [main] INFO  org.hibernate.tool.hbm2ddl.SchemaUpdate  - HHH000228: Running hbm2ddl schema update
2017-12-05 12:07:01,897 3165 [main] INFO  org.hibernate.tool.hbm2ddl.SchemaUpdate  - HHH000102: Fetching database metadata
2017-12-05 12:07:01,899 3167 [main] INFO  org.hibernate.tool.hbm2ddl.SchemaUpdate  - HHH000396: Updating schema
2017-12-05 12:07:01,935 3203 [main] INFO  org.hibernate.tool.hbm2ddl.TableMetadata  - HHH000261: Table found: productivityapp_dbtest.open_weather_data
2017-12-05 12:07:01,935 3203 [main] INFO  org.hibernate.tool.hbm2ddl.TableMetadata  - HHH000037: Columns: [max_temperature, open_weather_city, open_weather_id_pk, open_weather_record_date, barometric_pressure, min_tempature, humidity_percentage]
2017-12-05 12:07:01,936 3204 [main] INFO  org.hibernate.tool.hbm2ddl.TableMetadata  - HHH000108: Foreign keys: []
2017-12-05 12:07:01,936 3204 [main] INFO  org.hibernate.tool.hbm2ddl.TableMetadata  - HHH000126: Indexes: [primary]
2017-12-05 12:07:01,951 3219 [main] INFO  org.hibernate.tool.hbm2ddl.TableMetadata  - HHH000261: Table found: productivityapp_dbtest.task
2017-12-05 12:07:01,952 3220 [main] INFO  org.hibernate.tool.hbm2ddl.TableMetadata  - HHH000037: Columns: [task_name, task_id, task_id_pk]
2017-12-05 12:07:01,952 3220 [main] INFO  org.hibernate.tool.hbm2ddl.TableMetadata  - HHH000108: Foreign keys: []
2017-12-05 12:07:01,953 3221 [main] INFO  org.hibernate.tool.hbm2ddl.TableMetadata  - HHH000126: Indexes: [primary]
2017-12-05 12:07:01,965 3233 [main] INFO  org.hibernate.tool.hbm2ddl.TableMetadata  - HHH000261: Table found: productivityapp_dbtest.user_roles
2017-12-05 12:07:01,965 3233 [main] INFO  org.hibernate.tool.hbm2ddl.TableMetadata  - HHH000037: Columns: [role_name, user_role_id_pk, user_name]
2017-12-05 12:07:01,965 3233 [main] INFO  org.hibernate.tool.hbm2ddl.TableMetadata  - HHH000108: Foreign keys: [user_name_fk]
2017-12-05 12:07:01,965 3233 [main] INFO  org.hibernate.tool.hbm2ddl.TableMetadata  - HHH000126: Indexes: [user_name_fk, primary]
2017-12-05 12:07:01,977 3245 [main] INFO  org.hibernate.tool.hbm2ddl.TableMetadata  - HHH000261: Table found: productivityapp_dbtest.user_tasks_list_records
2017-12-05 12:07:01,977 3245 [main] INFO  org.hibernate.tool.hbm2ddl.TableMetadata  - HHH000037: Columns: [task_name, start_time, task_list_id_pk, task_status, end_time]
2017-12-05 12:07:01,977 3245 [main] INFO  org.hibernate.tool.hbm2ddl.TableMetadata  - HHH000108: Foreign keys: []
2017-12-05 12:07:01,978 3246 [main] INFO  org.hibernate.tool.hbm2ddl.TableMetadata  - HHH000126: Indexes: [primary]
2017-12-05 12:07:01,986 3254 [main] INFO  org.hibernate.tool.hbm2ddl.TableMetadata  - HHH000261: Table found: productivityapp_dbtest.users
2017-12-05 12:07:01,986 3254 [main] INFO  org.hibernate.tool.hbm2ddl.TableMetadata  - HHH000037: Columns: [user_date_birth, user_email, user_first_name, user_id_pk, user_last_name, user_name, user_city, user_registered_date, user_pass]
2017-12-05 12:07:01,987 3255 [main] INFO  org.hibernate.tool.hbm2ddl.TableMetadata  - HHH000108: Foreign keys: []
2017-12-05 12:07:01,987 3255 [main] INFO  org.hibernate.tool.hbm2ddl.TableMetadata  - HHH000126: Indexes: [users_user_name_uindex, uk_k8d0f2n7n88w1a16yhua64onx, primary]
2017-12-05 12:07:01,988 3256 [main] INFO  org.hibernate.tool.hbm2ddl.SchemaUpdate  - HHH000232: Schema update complete
2017-12-05 12:07:02,204 3472 [main] INFO  org.hibernate.event.internal.DefaultLoadEventListener  - HHH000327: Error performing load command : org.hibernate.PropertyAccessException: could not get a field value by reflection getter of edu.matc.entity.User.userName
2017-12-05 12:07:02,205 3473 [main] ERROR edu.matc.persistence.UserDao  - Error getting user with id: 2
org.hibernate.PropertyAccessException: could not get a field value by reflection getter of edu.matc.entity.User.userName
	at org.hibernate.property.DirectPropertyAccessor$DirectGetter.get(DirectPropertyAccessor.java:60)
	at org.hibernate.tuple.component.AbstractComponentTuplizer.getPropertyValue(AbstractComponentTuplizer.java:76)
	at org.hibernate.type.ComponentType.getPropertyValue(ComponentType.java:414)
	at org.hibernate.type.ComponentType.getHashCode(ComponentType.java:255)
	at org.hibernate.engine.spi.CollectionKey.generateHashCode(CollectionKey.java:81)
	at org.hibernate.engine.spi.CollectionKey.<init>(CollectionKey.java:75)
	at org.hibernate.engine.spi.CollectionKey.<init>(CollectionKey.java:60)
	at org.hibernate.engine.loading.internal.CollectionLoadContext.getLoadingCollection(CollectionLoadContext.java:112)
	at org.hibernate.loader.plan.exec.process.internal.CollectionReferenceInitializerImpl.finishUpRow(CollectionReferenceInitializerImpl.java:120)
	at org.hibernate.loader.plan.exec.process.internal.AbstractRowReader.readRow(AbstractRowReader.java:125)
	at org.hibernate.loader.plan.exec.internal.EntityLoadQueryDetails$EntityLoaderRowReader.readRow(EntityLoadQueryDetails.java:256)
	at org.hibernate.loader.plan.exec.process.internal.ResultSetProcessorImpl.extractResults(ResultSetProcessorImpl.java:129)
	at org.hibernate.loader.plan.exec.internal.AbstractLoadPlanBasedLoader.executeLoad(AbstractLoadPlanBasedLoader.java:138)
	at org.hibernate.loader.plan.exec.internal.AbstractLoadPlanBasedLoader.executeLoad(AbstractLoadPlanBasedLoader.java:102)
	at org.hibernate.loader.entity.plan.AbstractLoadPlanBasedEntityLoader.load(AbstractLoadPlanBasedEntityLoader.java:186)
	at org.hibernate.persister.entity.AbstractEntityPersister.load(AbstractEntityPersister.java:4126)
	at org.hibernate.event.internal.DefaultLoadEventListener.loadFromDatasource(DefaultLoadEventListener.java:503)
	at org.hibernate.event.internal.DefaultLoadEventListener.doLoad(DefaultLoadEventListener.java:468)
	at org.hibernate.event.internal.DefaultLoadEventListener.load(DefaultLoadEventListener.java:213)
	at org.hibernate.event.internal.DefaultLoadEventListener.proxyOrLoad(DefaultLoadEventListener.java:275)
	at org.hibernate.event.internal.DefaultLoadEventListener.onLoad(DefaultLoadEventListener.java:151)
	at org.hibernate.internal.SessionImpl.fireLoad(SessionImpl.java:1106)
	at org.hibernate.internal.SessionImpl.access$2000(SessionImpl.java:176)
	at org.hibernate.internal.SessionImpl$IdentifierLoadAccessImpl.load(SessionImpl.java:2587)
	at org.hibernate.internal.SessionImpl.get(SessionImpl.java:991)
	at edu.matc.persistence.UserDao.getUserById(UserDao.java:169)
	at edu.matc.persistence.UserDaoTest.getUserByIdTest(UserDaoTest.java:61)
	at sun.reflect.NativeMethodAccessorImpl.invoke0(Native Method)
	at sun.reflect.NativeMethodAccessorImpl.invoke(NativeMethodAccessorImpl.java:62)
	at sun.reflect.DelegatingMethodAccessorImpl.invoke(DelegatingMethodAccessorImpl.java:43)
	at java.lang.reflect.Method.invoke(Method.java:498)
	at org.junit.runners.model.FrameworkMethod$1.runReflectiveCall(FrameworkMethod.java:50)
	at org.junit.internal.runners.model.ReflectiveCallable.run(ReflectiveCallable.java:12)
	at org.junit.runners.model.FrameworkMethod.invokeExplosively(FrameworkMethod.java:47)
	at org.junit.internal.runners.statements.InvokeMethod.evaluate(InvokeMethod.java:17)
	at org.junit.internal.runners.statements.RunBefores.evaluate(RunBefores.java:26)
	at org.junit.runners.ParentRunner.runLeaf(ParentRunner.java:325)
	at org.junit.runners.BlockJUnit4ClassRunner.runChild(BlockJUnit4ClassRunner.java:78)
	at org.junit.runners.BlockJUnit4ClassRunner.runChild(BlockJUnit4ClassRunner.java:57)
	at org.junit.runners.ParentRunner$3.run(ParentRunner.java:290)
	at org.junit.runners.ParentRunner$1.schedule(ParentRunner.java:71)
	at org.junit.runners.ParentRunner.runChildren(ParentRunner.java:288)
	at org.junit.runners.ParentRunner.access$000(ParentRunner.java:58)
	at org.junit.runners.ParentRunner$2.evaluate(ParentRunner.java:268)
	at org.junit.runners.ParentRunner.run(ParentRunner.java:363)
	at org.junit.runner.JUnitCore.run(JUnitCore.java:137)
	at com.intellij.junit4.JUnit4IdeaTestRunner.startRunnerWithArgs(JUnit4IdeaTestRunner.java:68)
	at com.intellij.rt.execution.junit.IdeaTestRunner$Repeater.startRunnerWithArgs(IdeaTestRunner.java:47)
	at com.intellij.rt.execution.junit.JUnitStarter.prepareStreamsAndStart(JUnitStarter.java:242)
	at com.intellij.rt.execution.junit.JUnitStarter.main(JUnitStarter.java:70)
Caused by: java.lang.IllegalArgumentException: Can not set java.lang.String field edu.matc.entity.User.userName to java.lang.Integer
	at sun.reflect.UnsafeFieldAccessorImpl.throwSetIllegalArgumentException(UnsafeFieldAccessorImpl.java:167)
	at sun.reflect.UnsafeFieldAccessorImpl.throwSetIllegalArgumentException(UnsafeFieldAccessorImpl.java:171)
	at sun.reflect.UnsafeFieldAccessorImpl.ensureObj(UnsafeFieldAccessorImpl.java:58)
	at sun.reflect.UnsafeObjectFieldAccessorImpl.get(UnsafeObjectFieldAccessorImpl.java:36)
	at java.lang.reflect.Field.get(Field.java:393)
	at org.hibernate.property.DirectPropertyAccessor$DirectGetter.get(DirectPropertyAccessor.java:57)
	... 49 more
2017-12-05 12:07:02,214 3482 [main] WARN  org.hibernate.engine.loading.internal.LoadContexts  - HHH000100: Fail-safe cleanup (collections) : org.hibernate.engine.loading.internal.CollectionLoadContext@6b53bcc2<rs=com.mysql.jdbc.JDBC42ResultSet@fade1fc>
