2017-10-28 18:51:07,767 0    [main] INFO  org.hibernate.annotations.common.Version  - HCANN000001: Hibernate Commons Annotations {4.0.5.Final}
2017-10-28 18:51:07,782 15   [main] INFO  org.hibernate.Version  - HHH000412: Hibernate Core {4.3.11.Final}
2017-10-28 18:51:07,785 18   [main] INFO  org.hibernate.cfg.Environment  - HHH000206: hibernate.properties not found
2017-10-28 18:51:07,793 26   [main] INFO  org.hibernate.cfg.Environment  - HHH000021: Bytecode provider name : javassist
2017-10-28 18:51:07,834 67   [main] INFO  org.hibernate.cfg.Configuration  - HHH000043: Configuring from resource: /hibernate.cfg.xml
2017-10-28 18:51:07,835 68   [main] INFO  org.hibernate.cfg.Configuration  - HHH000040: Configuration resource: /hibernate.cfg.xml
2017-10-28 18:51:07,955 188  [main] INFO  org.hibernate.cfg.Configuration  - HHH000041: Configured SessionFactory: null
2017-10-28 18:51:08,121 354  [main] WARN  org.hibernate.engine.jdbc.connections.internal.DriverManagerConnectionProviderImpl  - HHH000402: Using Hibernate built-in connection pool (not for production use!)
2017-10-28 18:51:08,131 364  [main] INFO  org.hibernate.engine.jdbc.connections.internal.DriverManagerConnectionProviderImpl  - HHH000401: using driver [com.mysql.jdbc.Driver] at URL [jdbc:mysql://localhost:3306/productivity_appdbtest]
2017-10-28 18:51:08,132 365  [main] INFO  org.hibernate.engine.jdbc.connections.internal.DriverManagerConnectionProviderImpl  - HHH000046: Connection properties: {user=root, password=****}
2017-10-28 18:51:08,132 365  [main] INFO  org.hibernate.engine.jdbc.connections.internal.DriverManagerConnectionProviderImpl  - HHH000006: Autocommit mode: false
2017-10-28 18:51:08,134 367  [main] INFO  org.hibernate.engine.jdbc.connections.internal.DriverManagerConnectionProviderImpl  - HHH000115: Hibernate connection pool size: 20 (min=1)
2017-10-28 18:51:08,654 887  [main] INFO  org.hibernate.dialect.Dialect  - HHH000400: Using dialect: org.hibernate.dialect.MySQL5Dialect
2017-10-28 18:51:08,855 1088 [main] INFO  org.hibernate.engine.transaction.internal.TransactionFactoryInitiator  - HHH000399: Using default transaction strategy (direct JDBC transactions)
2017-10-28 18:51:08,883 1116 [main] INFO  org.hibernate.hql.internal.ast.ASTQueryTranslatorFactory  - HHH000397: Using ASTQueryTranslatorFactory
2017-10-28 18:51:09,317 1550 [main] INFO  org.hibernate.tool.hbm2ddl.SchemaExport  - HHH000227: Running hbm2ddl schema export
2017-10-28 18:51:09,548 1781 [main] INFO  org.hibernate.tool.hbm2ddl.SchemaExport  - HHH000230: Schema export complete
2017-10-28 18:51:09,736 1969 [main] INFO  edu.matc.persistence.UserDao  - 
UserID: 95
User's Name: Gavin Petty
UserName: Xenos
UserPassword: QLN87XAD9CK
User Birthdate: 1969-10-29 05:25:25
Email: neque.sed.dictum@faucibuslectusa.edu
City: Bacabal
Registered Date: 2017-10-28
Photo Link: null

2017-10-28 18:51:09,748 1981 [main] INFO  edu.matc.persistence.UserDao  - 
UserID: 95
User's Name: Gavin Petty
UserName: Xenos
UserPassword: QLN87XAD9CK
User Birthdate: 1969-10-29 05:25:25
Email: neque.sed.dictum@faucibuslectusa.edu
City: Bacabal
Registered Date: 2017-10-28
Photo Link: null

2017-10-28 18:51:09,801 2034 [main] INFO  edu.matc.persistence.UserDaoTest  - The user is 
UserID: 101
User's Name: Jack Johnson
UserName: galvestongiant
UserPassword: password
User Birthdate: null
Email: jack@wba.org
City: Chicago
Registered Date: null
Photo Link: null

2017-10-28 18:51:09,878 2111 [main] INFO  edu.matc.persistence.UserDaoTest  - 3
2017-10-28 18:51:09,883 2116 [main] INFO  edu.matc.persistence.UserDaoTest  - The user found with user ID is : 
UserID: 100
User's Name: Brett Hogan
UserName: Frances
UserPassword: NNK93WDA6UO
User Birthdate: 1960-02-28 03:44:41
Email: nisi.magna.sed@sapiencursus.ca
City: Roccanova
Registered Date: 2017-10-28
Photo Link: null

2017-10-28 18:51:31,086 0    [http-nio-8080-exec-1] INFO  edu.matc.controller.LoginHandler  - your mom is in dogetting
2017-11-17 10:52:10,186 0    [http-nio-8080-exec-1] INFO  edu.matc.controller.LoginHandler  - your mom is in dogetting
2017-11-19 20:13:17,819 0    [http-nio-8080-exec-10] INFO  edu.matc.controller.LoginHandler  - your mom is in dogetting
2017-11-19 20:13:20,185 2366 [http-nio-8080-exec-1] INFO  edu.matc.controller.LoginHandler  - your mom is in dogetting
2017-11-19 20:28:44,783 0    [http-nio-8080-exec-1] INFO  edu.matc.controller.LoginHandler  - your mom is in dogetting
2017-11-19 20:31:06,471 0    [http-nio-8080-exec-10] INFO  edu.matc.controller.LoginHandler  - your mom is in dogetting
2017-11-19 20:36:04,212 0    [http-nio-8080-exec-9] INFO  edu.matc.controller.LoginHandler  - your mom is in dogetting
2017-11-19 20:45:07,478 1    [http-nio-8080-exec-10] INFO  edu.matc.controller.LoginHandler  - your mom is in dogetting
2017-11-19 21:22:03,630 0    [http-nio-8080-exec-8] INFO  edu.matc.controller.LoginHandler  - your mom is in dogetting
2017-11-19 21:25:54,568 0    [http-nio-8080-exec-1] INFO  edu.matc.controller.LoginHandler  - your mom is in dogetting
2017-11-19 21:27:39,396 0    [http-nio-8080-exec-1] INFO  edu.matc.controller.LoginHandler  - your mom is in dogetting
2017-11-21 12:23:57,390 0    [http-nio-8080-exec-1] INFO  edu.matc.controller.LoginHandler  - your mom is in dogetting
2017-11-21 12:24:29,317 31927 [http-nio-8080-exec-3] INFO  edu.matc.controller.LoginHandler  - your mom is in dogetting
2017-11-21 12:27:04,648 0    [http-nio-8080-exec-1] INFO  edu.matc.controller.LoginHandler  - your mom is in dogetting
2017-11-21 12:34:26,620 441972 [http-nio-8080-exec-3] INFO  edu.matc.controller.LoginHandler  - your mom is in dogetting
2017-11-21 13:18:23,868 1    [http-nio-8080-exec-10] INFO  edu.matc.controller.LoginHandler  - your mom is in dogetting
2017-11-21 14:00:41,767 1    [http-nio-8080-exec-10] INFO  edu.matc.controller.LoginHandler  - your mom is in dogetting
2017-11-21 14:04:22,602 220836 [http-nio-8080-exec-6] INFO  edu.matc.controller.LoginHandler  - your mom is in dogetting
2017-11-21 14:13:07,148 0    [http-nio-8080-exec-1] INFO  edu.matc.controller.LoginHandler  - your mom is in dogetting
2017-11-21 14:16:19,110 0    [http-nio-8080-exec-1] INFO  edu.matc.controller.LoginHandler  - your mom is in dogetting
2017-11-21 14:16:20,135 1025 [http-nio-8080-exec-2] INFO  edu.matc.controller.LoginHandler  - your mom is in dogetting
2017-11-21 16:30:53,826 0    [http-nio-8080-exec-3] INFO  edu.matc.controller.LoginHandler  - your mom is in dogetting
2017-11-21 17:11:40,550 0    [http-nio-8080-exec-3] INFO  edu.matc.controller.UserRegister  - /user_register.jsp
2017-11-21 17:11:40,554 4    [http-nio-8080-exec-3] INFO  edu.matc.controller.UserRegister  - 
2017-11-21 17:11:40,554 4    [http-nio-8080-exec-3] INFO  edu.matc.controller.UserRegister  - 
2017-11-21 17:11:40,554 4    [http-nio-8080-exec-3] INFO  edu.matc.controller.UserRegister  - 
2017-11-21 17:25:30,009 0    [http-nio-8080-exec-6] INFO  edu.matc.controller.UserRegister  - /user_register.jsp
2017-11-21 17:25:30,012 3    [http-nio-8080-exec-6] INFO  edu.matc.controller.UserRegister  - 
2017-11-21 17:25:30,012 3    [http-nio-8080-exec-6] INFO  edu.matc.controller.UserRegister  - 
2017-11-21 17:25:30,012 3    [http-nio-8080-exec-6] INFO  edu.matc.controller.UserRegister  - 
2017-11-21 17:47:50,225 0    [http-nio-8080-exec-9] INFO  edu.matc.controller.UserRegister  - /user_register.jsp
2017-11-21 17:47:50,233 8    [http-nio-8080-exec-9] INFO  edu.matc.controller.UserRegister  - 
2017-11-21 17:47:50,233 8    [http-nio-8080-exec-9] INFO  edu.matc.controller.UserRegister  - 
2017-11-21 17:47:50,233 8    [http-nio-8080-exec-9] INFO  edu.matc.controller.UserRegister  - 
2017-11-21 17:54:35,090 0    [http-nio-8080-exec-2] INFO  edu.matc.controller.UserRegister  - /user_register.jsp
2017-11-21 17:54:35,093 3    [http-nio-8080-exec-2] INFO  edu.matc.controller.UserRegister  - 
2017-11-21 17:54:35,093 3    [http-nio-8080-exec-2] INFO  edu.matc.controller.UserRegister  - 
2017-11-21 17:54:35,093 3    [http-nio-8080-exec-2] INFO  edu.matc.controller.UserRegister  - 
2017-11-21 17:57:21,613 0    [http-nio-8080-exec-9] INFO  edu.matc.controller.UserRegister  - /user_register.jsp
2017-11-21 17:57:21,618 5    [http-nio-8080-exec-9] INFO  edu.matc.controller.UserRegister  - 
2017-11-21 17:57:21,618 5    [http-nio-8080-exec-9] INFO  edu.matc.controller.UserRegister  - 
2017-11-21 17:57:21,618 5    [http-nio-8080-exec-9] INFO  edu.matc.controller.UserRegister  - 
2017-11-22 08:43:39,639 0    [http-nio-8080-exec-6] INFO  edu.matc.controller.UserRegister  - /user_register.jsp
2017-11-22 08:43:39,642 3    [http-nio-8080-exec-6] INFO  edu.matc.controller.UserRegister  - 
2017-11-22 08:43:39,642 3    [http-nio-8080-exec-6] INFO  edu.matc.controller.UserRegister  - 
2017-11-22 08:43:39,642 3    [http-nio-8080-exec-6] INFO  edu.matc.controller.UserRegister  - 
2017-11-22 10:23:38,249 0    [http-nio-8080-exec-3] INFO  edu.matc.controller.UserRegister  - /user_register.jsp
2017-11-22 10:23:38,253 4    [http-nio-8080-exec-3] INFO  edu.matc.controller.UserRegister  - 
2017-11-22 10:23:38,253 4    [http-nio-8080-exec-3] INFO  edu.matc.controller.UserRegister  - 
2017-11-22 10:23:38,253 4    [http-nio-8080-exec-3] INFO  edu.matc.controller.UserRegister  - 
2017-11-22 10:25:47,290 0    [http-nio-8080-exec-1] INFO  edu.matc.controller.UserRegister  - /user_register.jsp
2017-11-22 10:25:47,293 3    [http-nio-8080-exec-1] INFO  edu.matc.controller.UserRegister  - 
2017-11-22 10:25:47,293 3    [http-nio-8080-exec-1] INFO  edu.matc.controller.UserRegister  - 
2017-11-22 10:25:47,293 3    [http-nio-8080-exec-1] INFO  edu.matc.controller.UserRegister  - 
2017-11-22 10:34:59,532 0    [http-nio-8080-exec-4] INFO  edu.matc.controller.UserRegister  - /user_register.jsp
2017-11-22 10:34:59,536 4    [http-nio-8080-exec-4] INFO  edu.matc.controller.UserRegister  - 
2017-11-22 10:34:59,536 4    [http-nio-8080-exec-4] INFO  edu.matc.controller.UserRegister  - 
2017-11-22 10:34:59,536 4    [http-nio-8080-exec-4] INFO  edu.matc.controller.UserRegister  - 
2017-11-22 10:39:54,343 0    [http-nio-8080-exec-4] INFO  edu.matc.controller.UserRegister  - /user_register.jsp
2017-11-22 10:39:54,347 4    [http-nio-8080-exec-4] INFO  edu.matc.controller.UserRegister  - 
2017-11-22 10:39:54,347 4    [http-nio-8080-exec-4] INFO  edu.matc.controller.UserRegister  - 
2017-11-22 10:39:54,347 4    [http-nio-8080-exec-4] INFO  edu.matc.controller.UserRegister  - 
2017-11-22 11:58:33,351 1    [http-nio-8080-exec-1] INFO  edu.matc.controller.UserRegister  - /user_register.jsp
2017-11-22 11:58:33,355 5    [http-nio-8080-exec-1] INFO  edu.matc.controller.UserRegister  - 
2017-11-22 11:58:33,355 5    [http-nio-8080-exec-1] INFO  edu.matc.controller.UserRegister  - 
2017-11-22 11:58:33,355 5    [http-nio-8080-exec-1] INFO  edu.matc.controller.UserRegister  - 
2017-11-22 13:16:51,597 0    [http-nio-8080-exec-1] INFO  edu.matc.controller.UserRegister  - /user_register.jsp
2017-11-22 13:16:51,600 3    [http-nio-8080-exec-1] INFO  edu.matc.controller.UserRegister  - 
2017-11-22 13:16:51,600 3    [http-nio-8080-exec-1] INFO  edu.matc.controller.UserRegister  - 
2017-11-22 13:16:51,600 3    [http-nio-8080-exec-1] INFO  edu.matc.controller.UserRegister  - 
2017-11-22 13:19:08,352 0    [http-nio-8080-exec-5] INFO  edu.matc.controller.UserRegister  - /user_register.jsp
2017-11-22 13:19:08,354 2    [http-nio-8080-exec-5] INFO  edu.matc.controller.UserRegister  - 
2017-11-22 13:19:08,354 2    [http-nio-8080-exec-5] INFO  edu.matc.controller.UserRegister  - 
2017-11-22 13:19:08,355 3    [http-nio-8080-exec-5] INFO  edu.matc.controller.UserRegister  - 
2017-11-22 13:21:21,245 0    [http-nio-8080-exec-5] INFO  edu.matc.controller.UserRegister  - /user_register.jsp
2017-11-22 13:21:21,248 3    [http-nio-8080-exec-5] INFO  edu.matc.controller.UserRegister  - 
2017-11-22 13:21:21,248 3    [http-nio-8080-exec-5] INFO  edu.matc.controller.UserRegister  - 
2017-11-22 13:21:21,248 3    [http-nio-8080-exec-5] INFO  edu.matc.controller.UserRegister  - 
2017-11-22 13:25:33,566 1    [http-nio-8080-exec-5] INFO  edu.matc.controller.UserRegister  - /user_register.jsp
2017-11-22 13:25:33,571 6    [http-nio-8080-exec-5] INFO  edu.matc.controller.UserRegister  - 
2017-11-22 13:25:33,571 6    [http-nio-8080-exec-5] INFO  edu.matc.controller.UserRegister  - 
2017-11-22 13:25:33,571 6    [http-nio-8080-exec-5] INFO  edu.matc.controller.UserRegister  - 
2017-11-22 13:27:36,039 0    [http-nio-8080-exec-3] INFO  edu.matc.controller.UserRegister  - /user_register.jsp
2017-11-22 13:27:36,042 3    [http-nio-8080-exec-3] INFO  edu.matc.controller.UserRegister  - 
2017-11-22 13:27:36,042 3    [http-nio-8080-exec-3] INFO  edu.matc.controller.UserRegister  - 
2017-11-22 13:27:36,042 3    [http-nio-8080-exec-3] INFO  edu.matc.controller.UserRegister  - 
2017-11-22 13:30:36,886 0    [http-nio-8080-exec-4] INFO  edu.matc.controller.UserRegister  - /user_register.jsp
2017-11-22 13:30:36,889 3    [http-nio-8080-exec-4] INFO  edu.matc.controller.UserRegister  - 
2017-11-22 13:30:36,890 4    [http-nio-8080-exec-4] INFO  edu.matc.controller.UserRegister  - 
2017-11-22 13:30:36,890 4    [http-nio-8080-exec-4] INFO  edu.matc.controller.UserRegister  - 
2017-11-22 13:38:47,277 0    [http-nio-8080-exec-5] INFO  edu.matc.controller.UserRegister  - /user_register.jsp
2017-11-22 13:38:47,280 3    [http-nio-8080-exec-5] INFO  edu.matc.controller.UserRegister  - 
2017-11-22 13:38:47,280 3    [http-nio-8080-exec-5] INFO  edu.matc.controller.UserRegister  - 
2017-11-22 13:38:47,280 3    [http-nio-8080-exec-5] INFO  edu.matc.controller.UserRegister  - 
2017-11-22 13:43:21,896 1    [http-nio-8080-exec-3] INFO  edu.matc.controller.UserRegister  - /user_register.jsp
2017-11-22 13:43:21,899 4    [http-nio-8080-exec-3] INFO  edu.matc.controller.UserRegister  - 
2017-11-22 13:43:21,899 4    [http-nio-8080-exec-3] INFO  edu.matc.controller.UserRegister  - 
2017-11-22 13:43:21,899 4    [http-nio-8080-exec-3] INFO  edu.matc.controller.UserRegister  - 
2017-11-22 14:00:55,916 0    [http-nio-8080-exec-4] INFO  edu.matc.controller.UserRegister  - /user_register.jsp
2017-11-22 14:00:55,920 4    [http-nio-8080-exec-4] INFO  edu.matc.controller.UserRegister  - 
2017-11-22 14:00:55,920 4    [http-nio-8080-exec-4] INFO  edu.matc.controller.UserRegister  - 
2017-11-22 14:00:55,920 4    [http-nio-8080-exec-4] INFO  edu.matc.controller.UserRegister  - 
2017-11-22 14:30:01,767 0    [http-nio-8080-exec-7] INFO  edu.matc.controller.UserRegister  - /user_register.jsp
2017-11-22 14:30:01,773 6    [http-nio-8080-exec-7] INFO  edu.matc.controller.UserRegister  - madison0099
2017-11-22 14:30:01,773 6    [http-nio-8080-exec-7] INFO  edu.matc.controller.UserRegister  - password
2017-11-22 14:30:01,773 6    [http-nio-8080-exec-7] INFO  edu.matc.controller.UserRegister  - password
