2017-10-28 18:51:07,767 0    [main] INFO  org.hibernate.annotations.common.Version  - HCANN000001: Hibernate Commons Annotations {4.0.5.Final}
2017-10-28 18:51:07,782 15   [main] INFO  org.hibernate.Version  - HHH000412: Hibernate Core {4.3.11.Final}
2017-10-28 18:51:07,785 18   [main] INFO  org.hibernate.cfg.Environment  - HHH000206: hibernate.properties not found
2017-10-28 18:51:07,793 26   [main] INFO  org.hibernate.cfg.Environment  - HHH000021: Bytecode provider name : javassist
2017-10-28 18:51:07,834 67   [main] INFO  org.hibernate.cfg.Configuration  - HHH000043: Configuring from resource: /hibernate.cfg.xml
2017-10-28 18:51:07,835 68   [main] INFO  org.hibernate.cfg.Configuration  - HHH000040: Configuration resource: /hibernate.cfg.xml
2017-10-28 18:51:07,955 188  [main] INFO  org.hibernate.cfg.Configuration  - HHH000041: Configured SessionFactory: null
2017-10-28 18:51:08,121 354  [main] WARN  org.hibernate.engine.jdbc.connections.internal.DriverManagerConnectionProviderImpl  - HHH000402: Using Hibernate built-in connection pool (not for production use!)
2017-10-28 18:51:08,131 364  [main] INFO  org.hibernate.engine.jdbc.connections.internal.DriverManagerConnectionProviderImpl  - HHH000401: using driver [com.mysql.jdbc.Driver] at URL [jdbc:mysql://localhost:3306/productivity_appdbtest]
2017-10-28 18:51:08,132 365  [main] INFO  org.hibernate.engine.jdbc.connections.internal.DriverManagerConnectionProviderImpl  - HHH000046: Connection properties: {user=root, password=****}
2017-10-28 18:51:08,132 365  [main] INFO  org.hibernate.engine.jdbc.connections.internal.DriverManagerConnectionProviderImpl  - HHH000006: Autocommit mode: false
2017-10-28 18:51:08,134 367  [main] INFO  org.hibernate.engine.jdbc.connections.internal.DriverManagerConnectionProviderImpl  - HHH000115: Hibernate connection pool size: 20 (min=1)
2017-10-28 18:51:08,654 887  [main] INFO  org.hibernate.dialect.Dialect  - HHH000400: Using dialect: org.hibernate.dialect.MySQL5Dialect
2017-10-28 18:51:08,855 1088 [main] INFO  org.hibernate.engine.transaction.internal.TransactionFactoryInitiator  - HHH000399: Using default transaction strategy (direct JDBC transactions)
2017-10-28 18:51:08,883 1116 [main] INFO  org.hibernate.hql.internal.ast.ASTQueryTranslatorFactory  - HHH000397: Using ASTQueryTranslatorFactory
2017-10-28 18:51:09,317 1550 [main] INFO  org.hibernate.tool.hbm2ddl.SchemaExport  - HHH000227: Running hbm2ddl schema export
2017-10-28 18:51:09,548 1781 [main] INFO  org.hibernate.tool.hbm2ddl.SchemaExport  - HHH000230: Schema export complete
2017-10-28 18:51:09,736 1969 [main] INFO  edu.matc.persistence.UserDao  - 
UserID: 95
User's Name: Gavin Petty
UserName: Xenos
UserPassword: QLN87XAD9CK
User Birthdate: 1969-10-29 05:25:25
Email: neque.sed.dictum@faucibuslectusa.edu
City: Bacabal
Registered Date: 2017-10-28
Photo Link: null

2017-10-28 18:51:09,748 1981 [main] INFO  edu.matc.persistence.UserDao  - 
UserID: 95
User's Name: Gavin Petty
UserName: Xenos
UserPassword: QLN87XAD9CK
User Birthdate: 1969-10-29 05:25:25
Email: neque.sed.dictum@faucibuslectusa.edu
City: Bacabal
Registered Date: 2017-10-28
Photo Link: null

2017-10-28 18:51:09,801 2034 [main] INFO  edu.matc.persistence.UserDaoTest  - The user is 
UserID: 101
User's Name: Jack Johnson
UserName: galvestongiant
UserPassword: password
User Birthdate: null
Email: jack@wba.org
City: Chicago
Registered Date: null
Photo Link: null

2017-10-28 18:51:09,878 2111 [main] INFO  edu.matc.persistence.UserDaoTest  - 3
2017-10-28 18:51:09,883 2116 [main] INFO  edu.matc.persistence.UserDaoTest  - The user found with user ID is : 
UserID: 100
User's Name: Brett Hogan
UserName: Frances
UserPassword: NNK93WDA6UO
User Birthdate: 1960-02-28 03:44:41
Email: nisi.magna.sed@sapiencursus.ca
City: Roccanova
Registered Date: 2017-10-28
Photo Link: null

2017-10-28 18:51:31,086 0    [http-nio-8080-exec-1] INFO  edu.matc.controller.LoginHandler  - your mom is in dogetting
2017-11-17 10:52:10,186 0    [http-nio-8080-exec-1] INFO  edu.matc.controller.LoginHandler  - your mom is in dogetting
2017-11-19 20:13:17,819 0    [http-nio-8080-exec-10] INFO  edu.matc.controller.LoginHandler  - your mom is in dogetting
2017-11-19 20:13:20,185 2366 [http-nio-8080-exec-1] INFO  edu.matc.controller.LoginHandler  - your mom is in dogetting
2017-11-19 20:28:44,783 0    [http-nio-8080-exec-1] INFO  edu.matc.controller.LoginHandler  - your mom is in dogetting
2017-11-19 20:31:06,471 0    [http-nio-8080-exec-10] INFO  edu.matc.controller.LoginHandler  - your mom is in dogetting
2017-11-19 20:36:04,212 0    [http-nio-8080-exec-9] INFO  edu.matc.controller.LoginHandler  - your mom is in dogetting
2017-11-19 20:45:07,478 1    [http-nio-8080-exec-10] INFO  edu.matc.controller.LoginHandler  - your mom is in dogetting
2017-11-19 21:22:03,630 0    [http-nio-8080-exec-8] INFO  edu.matc.controller.LoginHandler  - your mom is in dogetting
2017-11-19 21:25:54,568 0    [http-nio-8080-exec-1] INFO  edu.matc.controller.LoginHandler  - your mom is in dogetting
2017-11-19 21:27:39,396 0    [http-nio-8080-exec-1] INFO  edu.matc.controller.LoginHandler  - your mom is in dogetting
2017-11-21 12:23:57,390 0    [http-nio-8080-exec-1] INFO  edu.matc.controller.LoginHandler  - your mom is in dogetting
2017-11-21 12:24:29,317 31927 [http-nio-8080-exec-3] INFO  edu.matc.controller.LoginHandler  - your mom is in dogetting
2017-11-21 12:27:04,648 0    [http-nio-8080-exec-1] INFO  edu.matc.controller.LoginHandler  - your mom is in dogetting
2017-11-21 12:34:26,620 441972 [http-nio-8080-exec-3] INFO  edu.matc.controller.LoginHandler  - your mom is in dogetting
2017-11-21 13:18:23,868 1    [http-nio-8080-exec-10] INFO  edu.matc.controller.LoginHandler  - your mom is in dogetting
2017-11-21 14:00:41,767 1    [http-nio-8080-exec-10] INFO  edu.matc.controller.LoginHandler  - your mom is in dogetting
2017-11-21 14:04:22,602 220836 [http-nio-8080-exec-6] INFO  edu.matc.controller.LoginHandler  - your mom is in dogetting
2017-11-21 14:13:07,148 0    [http-nio-8080-exec-1] INFO  edu.matc.controller.LoginHandler  - your mom is in dogetting
2017-11-21 14:16:19,110 0    [http-nio-8080-exec-1] INFO  edu.matc.controller.LoginHandler  - your mom is in dogetting
2017-11-21 14:16:20,135 1025 [http-nio-8080-exec-2] INFO  edu.matc.controller.LoginHandler  - your mom is in dogetting
2017-11-21 16:30:53,826 0    [http-nio-8080-exec-3] INFO  edu.matc.controller.LoginHandler  - your mom is in dogetting
2017-11-21 17:11:40,550 0    [http-nio-8080-exec-3] INFO  edu.matc.controller.UserRegister  - /user_register.jsp
2017-11-21 17:11:40,554 4    [http-nio-8080-exec-3] INFO  edu.matc.controller.UserRegister  - 
2017-11-21 17:11:40,554 4    [http-nio-8080-exec-3] INFO  edu.matc.controller.UserRegister  - 
2017-11-21 17:11:40,554 4    [http-nio-8080-exec-3] INFO  edu.matc.controller.UserRegister  - 
2017-11-21 17:25:30,009 0    [http-nio-8080-exec-6] INFO  edu.matc.controller.UserRegister  - /user_register.jsp
2017-11-21 17:25:30,012 3    [http-nio-8080-exec-6] INFO  edu.matc.controller.UserRegister  - 
2017-11-21 17:25:30,012 3    [http-nio-8080-exec-6] INFO  edu.matc.controller.UserRegister  - 
2017-11-21 17:25:30,012 3    [http-nio-8080-exec-6] INFO  edu.matc.controller.UserRegister  - 
2017-11-21 17:47:50,225 0    [http-nio-8080-exec-9] INFO  edu.matc.controller.UserRegister  - /user_register.jsp
2017-11-21 17:47:50,233 8    [http-nio-8080-exec-9] INFO  edu.matc.controller.UserRegister  - 
2017-11-21 17:47:50,233 8    [http-nio-8080-exec-9] INFO  edu.matc.controller.UserRegister  - 
2017-11-21 17:47:50,233 8    [http-nio-8080-exec-9] INFO  edu.matc.controller.UserRegister  - 
2017-11-21 17:54:35,090 0    [http-nio-8080-exec-2] INFO  edu.matc.controller.UserRegister  - /user_register.jsp
2017-11-21 17:54:35,093 3    [http-nio-8080-exec-2] INFO  edu.matc.controller.UserRegister  - 
2017-11-21 17:54:35,093 3    [http-nio-8080-exec-2] INFO  edu.matc.controller.UserRegister  - 
2017-11-21 17:54:35,093 3    [http-nio-8080-exec-2] INFO  edu.matc.controller.UserRegister  - 
2017-11-21 17:57:21,613 0    [http-nio-8080-exec-9] INFO  edu.matc.controller.UserRegister  - /user_register.jsp
2017-11-21 17:57:21,618 5    [http-nio-8080-exec-9] INFO  edu.matc.controller.UserRegister  - 
2017-11-21 17:57:21,618 5    [http-nio-8080-exec-9] INFO  edu.matc.controller.UserRegister  - 
2017-11-21 17:57:21,618 5    [http-nio-8080-exec-9] INFO  edu.matc.controller.UserRegister  - 
2017-11-22 08:43:39,639 0    [http-nio-8080-exec-6] INFO  edu.matc.controller.UserRegister  - /user_register.jsp
2017-11-22 08:43:39,642 3    [http-nio-8080-exec-6] INFO  edu.matc.controller.UserRegister  - 
2017-11-22 08:43:39,642 3    [http-nio-8080-exec-6] INFO  edu.matc.controller.UserRegister  - 
2017-11-22 08:43:39,642 3    [http-nio-8080-exec-6] INFO  edu.matc.controller.UserRegister  - 
2017-11-22 10:23:38,249 0    [http-nio-8080-exec-3] INFO  edu.matc.controller.UserRegister  - /user_register.jsp
2017-11-22 10:23:38,253 4    [http-nio-8080-exec-3] INFO  edu.matc.controller.UserRegister  - 
2017-11-22 10:23:38,253 4    [http-nio-8080-exec-3] INFO  edu.matc.controller.UserRegister  - 
2017-11-22 10:23:38,253 4    [http-nio-8080-exec-3] INFO  edu.matc.controller.UserRegister  - 
2017-11-22 10:25:47,290 0    [http-nio-8080-exec-1] INFO  edu.matc.controller.UserRegister  - /user_register.jsp
2017-11-22 10:25:47,293 3    [http-nio-8080-exec-1] INFO  edu.matc.controller.UserRegister  - 
2017-11-22 10:25:47,293 3    [http-nio-8080-exec-1] INFO  edu.matc.controller.UserRegister  - 
2017-11-22 10:25:47,293 3    [http-nio-8080-exec-1] INFO  edu.matc.controller.UserRegister  - 
2017-11-22 10:34:59,532 0    [http-nio-8080-exec-4] INFO  edu.matc.controller.UserRegister  - /user_register.jsp
2017-11-22 10:34:59,536 4    [http-nio-8080-exec-4] INFO  edu.matc.controller.UserRegister  - 
2017-11-22 10:34:59,536 4    [http-nio-8080-exec-4] INFO  edu.matc.controller.UserRegister  - 
2017-11-22 10:34:59,536 4    [http-nio-8080-exec-4] INFO  edu.matc.controller.UserRegister  - 
2017-11-22 10:39:54,343 0    [http-nio-8080-exec-4] INFO  edu.matc.controller.UserRegister  - /user_register.jsp
2017-11-22 10:39:54,347 4    [http-nio-8080-exec-4] INFO  edu.matc.controller.UserRegister  - 
2017-11-22 10:39:54,347 4    [http-nio-8080-exec-4] INFO  edu.matc.controller.UserRegister  - 
2017-11-22 10:39:54,347 4    [http-nio-8080-exec-4] INFO  edu.matc.controller.UserRegister  - 
2017-11-22 11:58:33,351 1    [http-nio-8080-exec-1] INFO  edu.matc.controller.UserRegister  - /user_register.jsp
2017-11-22 11:58:33,355 5    [http-nio-8080-exec-1] INFO  edu.matc.controller.UserRegister  - 
2017-11-22 11:58:33,355 5    [http-nio-8080-exec-1] INFO  edu.matc.controller.UserRegister  - 
2017-11-22 11:58:33,355 5    [http-nio-8080-exec-1] INFO  edu.matc.controller.UserRegister  - 
2017-11-22 13:16:51,597 0    [http-nio-8080-exec-1] INFO  edu.matc.controller.UserRegister  - /user_register.jsp
2017-11-22 13:16:51,600 3    [http-nio-8080-exec-1] INFO  edu.matc.controller.UserRegister  - 
2017-11-22 13:16:51,600 3    [http-nio-8080-exec-1] INFO  edu.matc.controller.UserRegister  - 
2017-11-22 13:16:51,600 3    [http-nio-8080-exec-1] INFO  edu.matc.controller.UserRegister  - 
2017-11-22 13:19:08,352 0    [http-nio-8080-exec-5] INFO  edu.matc.controller.UserRegister  - /user_register.jsp
2017-11-22 13:19:08,354 2    [http-nio-8080-exec-5] INFO  edu.matc.controller.UserRegister  - 
2017-11-22 13:19:08,354 2    [http-nio-8080-exec-5] INFO  edu.matc.controller.UserRegister  - 
2017-11-22 13:19:08,355 3    [http-nio-8080-exec-5] INFO  edu.matc.controller.UserRegister  - 
2017-11-22 13:21:21,245 0    [http-nio-8080-exec-5] INFO  edu.matc.controller.UserRegister  - /user_register.jsp
2017-11-22 13:21:21,248 3    [http-nio-8080-exec-5] INFO  edu.matc.controller.UserRegister  - 
2017-11-22 13:21:21,248 3    [http-nio-8080-exec-5] INFO  edu.matc.controller.UserRegister  - 
2017-11-22 13:21:21,248 3    [http-nio-8080-exec-5] INFO  edu.matc.controller.UserRegister  - 
2017-11-22 13:25:33,566 1    [http-nio-8080-exec-5] INFO  edu.matc.controller.UserRegister  - /user_register.jsp
2017-11-22 13:25:33,571 6    [http-nio-8080-exec-5] INFO  edu.matc.controller.UserRegister  - 
2017-11-22 13:25:33,571 6    [http-nio-8080-exec-5] INFO  edu.matc.controller.UserRegister  - 
2017-11-22 13:25:33,571 6    [http-nio-8080-exec-5] INFO  edu.matc.controller.UserRegister  - 
2017-11-22 13:27:36,039 0    [http-nio-8080-exec-3] INFO  edu.matc.controller.UserRegister  - /user_register.jsp
2017-11-22 13:27:36,042 3    [http-nio-8080-exec-3] INFO  edu.matc.controller.UserRegister  - 
2017-11-22 13:27:36,042 3    [http-nio-8080-exec-3] INFO  edu.matc.controller.UserRegister  - 
2017-11-22 13:27:36,042 3    [http-nio-8080-exec-3] INFO  edu.matc.controller.UserRegister  - 
2017-11-22 13:30:36,886 0    [http-nio-8080-exec-4] INFO  edu.matc.controller.UserRegister  - /user_register.jsp
2017-11-22 13:30:36,889 3    [http-nio-8080-exec-4] INFO  edu.matc.controller.UserRegister  - 
2017-11-22 13:30:36,890 4    [http-nio-8080-exec-4] INFO  edu.matc.controller.UserRegister  - 
2017-11-22 13:30:36,890 4    [http-nio-8080-exec-4] INFO  edu.matc.controller.UserRegister  - 
2017-11-22 13:38:47,277 0    [http-nio-8080-exec-5] INFO  edu.matc.controller.UserRegister  - /user_register.jsp
2017-11-22 13:38:47,280 3    [http-nio-8080-exec-5] INFO  edu.matc.controller.UserRegister  - 
2017-11-22 13:38:47,280 3    [http-nio-8080-exec-5] INFO  edu.matc.controller.UserRegister  - 
2017-11-22 13:38:47,280 3    [http-nio-8080-exec-5] INFO  edu.matc.controller.UserRegister  - 
2017-11-22 13:43:21,896 1    [http-nio-8080-exec-3] INFO  edu.matc.controller.UserRegister  - /user_register.jsp
2017-11-22 13:43:21,899 4    [http-nio-8080-exec-3] INFO  edu.matc.controller.UserRegister  - 
2017-11-22 13:43:21,899 4    [http-nio-8080-exec-3] INFO  edu.matc.controller.UserRegister  - 
2017-11-22 13:43:21,899 4    [http-nio-8080-exec-3] INFO  edu.matc.controller.UserRegister  - 
2017-11-22 14:00:55,916 0    [http-nio-8080-exec-4] INFO  edu.matc.controller.UserRegister  - /user_register.jsp
2017-11-22 14:00:55,920 4    [http-nio-8080-exec-4] INFO  edu.matc.controller.UserRegister  - 
2017-11-22 14:00:55,920 4    [http-nio-8080-exec-4] INFO  edu.matc.controller.UserRegister  - 
2017-11-22 14:00:55,920 4    [http-nio-8080-exec-4] INFO  edu.matc.controller.UserRegister  - 
2017-11-22 14:30:01,767 0    [http-nio-8080-exec-7] INFO  edu.matc.controller.UserRegister  - /user_register.jsp
2017-11-22 14:30:01,773 6    [http-nio-8080-exec-7] INFO  edu.matc.controller.UserRegister  - madison0099
2017-11-22 14:30:01,773 6    [http-nio-8080-exec-7] INFO  edu.matc.controller.UserRegister  - password
2017-11-22 14:30:01,773 6    [http-nio-8080-exec-7] INFO  edu.matc.controller.UserRegister  - password
2017-11-22 23:29:39,250 0    [main] INFO  org.hibernate.annotations.common.Version  - HCANN000001: Hibernate Commons Annotations {4.0.5.Final}
2017-11-22 23:29:39,271 21   [main] INFO  org.hibernate.Version  - HHH000412: Hibernate Core {4.3.11.Final}
2017-11-22 23:29:39,277 27   [main] INFO  org.hibernate.cfg.Environment  - HHH000206: hibernate.properties not found
2017-11-22 23:29:39,280 30   [main] INFO  org.hibernate.cfg.Environment  - HHH000021: Bytecode provider name : javassist
2017-11-22 23:29:39,346 96   [main] INFO  org.hibernate.cfg.Configuration  - HHH000043: Configuring from resource: /hibernate.cfg.xml
2017-11-22 23:29:39,346 96   [main] INFO  org.hibernate.cfg.Configuration  - HHH000040: Configuration resource: /hibernate.cfg.xml
2017-11-22 23:29:39,571 321  [main] INFO  org.hibernate.cfg.Configuration  - HHH000041: Configured SessionFactory: null
2017-11-22 23:29:39,903 653  [main] WARN  org.hibernate.engine.jdbc.connections.internal.DriverManagerConnectionProviderImpl  - HHH000402: Using Hibernate built-in connection pool (not for production use!)
2017-11-22 23:29:39,920 670  [main] INFO  org.hibernate.engine.jdbc.connections.internal.DriverManagerConnectionProviderImpl  - HHH000401: using driver [com.mysql.jdbc.Driver] at URL [jdbc:mysql://localhost:3306/productivityapp_dbtest]
2017-11-22 23:29:39,921 671  [main] INFO  org.hibernate.engine.jdbc.connections.internal.DriverManagerConnectionProviderImpl  - HHH000046: Connection properties: {user=root, password=****}
2017-11-22 23:29:39,921 671  [main] INFO  org.hibernate.engine.jdbc.connections.internal.DriverManagerConnectionProviderImpl  - HHH000006: Autocommit mode: false
2017-11-22 23:29:39,923 673  [main] INFO  org.hibernate.engine.jdbc.connections.internal.DriverManagerConnectionProviderImpl  - HHH000115: Hibernate connection pool size: 20 (min=1)
2017-11-22 23:29:41,066 1816 [main] INFO  org.hibernate.dialect.Dialect  - HHH000400: Using dialect: org.hibernate.dialect.MySQL5Dialect
2017-11-22 23:29:41,333 2083 [main] ERROR edu.matc.persistence.UserDao  - Error getting all users
org.hibernate.AnnotationException: Use of @OneToMany or @ManyToMany targeting an unmapped class: edu.matc.entity.User.roles[edu.matc.entity.UserRoles]
	at org.hibernate.cfg.annotations.CollectionBinder.bindManyToManySecondPass(CollectionBinder.java:1135)
	at org.hibernate.cfg.annotations.CollectionBinder.bindStarToManySecondPass(CollectionBinder.java:794)
	at org.hibernate.cfg.annotations.CollectionBinder$1.secondPass(CollectionBinder.java:729)
	at org.hibernate.cfg.CollectionSecondPass.doSecondPass(CollectionSecondPass.java:70)
	at org.hibernate.cfg.Configuration.originalSecondPassCompile(Configuration.java:1697)
	at org.hibernate.cfg.Configuration.secondPassCompile(Configuration.java:1426)
	at org.hibernate.cfg.Configuration.buildSessionFactory(Configuration.java:1846)
	at edu.matc.persistence.SessionFactoryProvider.createSessionFactory(SessionFactoryProvider.java:23)
	at edu.matc.persistence.SessionFactoryProvider.getSessionFactory(SessionFactoryProvider.java:28)
	at edu.matc.persistence.UserDao.getAllUsers(UserDao.java:121)
	at edu.matc.persistence.UserDaoTest.getAllUsers(UserDaoTest.java:34)
	at sun.reflect.NativeMethodAccessorImpl.invoke0(Native Method)
	at sun.reflect.NativeMethodAccessorImpl.invoke(NativeMethodAccessorImpl.java:62)
	at sun.reflect.DelegatingMethodAccessorImpl.invoke(DelegatingMethodAccessorImpl.java:43)
	at java.lang.reflect.Method.invoke(Method.java:498)
	at org.junit.runners.model.FrameworkMethod$1.runReflectiveCall(FrameworkMethod.java:50)
	at org.junit.internal.runners.model.ReflectiveCallable.run(ReflectiveCallable.java:12)
	at org.junit.runners.model.FrameworkMethod.invokeExplosively(FrameworkMethod.java:47)
	at org.junit.internal.runners.statements.InvokeMethod.evaluate(InvokeMethod.java:17)
	at org.junit.internal.runners.statements.RunBefores.evaluate(RunBefores.java:26)
	at org.junit.runners.ParentRunner.runLeaf(ParentRunner.java:325)
	at org.junit.runners.BlockJUnit4ClassRunner.runChild(BlockJUnit4ClassRunner.java:78)
	at org.junit.runners.BlockJUnit4ClassRunner.runChild(BlockJUnit4ClassRunner.java:57)
	at org.junit.runners.ParentRunner$3.run(ParentRunner.java:290)
	at org.junit.runners.ParentRunner$1.schedule(ParentRunner.java:71)
	at org.junit.runners.ParentRunner.runChildren(ParentRunner.java:288)
	at org.junit.runners.ParentRunner.access$000(ParentRunner.java:58)
	at org.junit.runners.ParentRunner$2.evaluate(ParentRunner.java:268)
	at org.junit.runners.ParentRunner.run(ParentRunner.java:363)
	at org.junit.runner.JUnitCore.run(JUnitCore.java:137)
	at com.intellij.junit4.JUnit4IdeaTestRunner.startRunnerWithArgs(JUnit4IdeaTestRunner.java:68)
	at com.intellij.rt.execution.junit.IdeaTestRunner$Repeater.startRunnerWithArgs(IdeaTestRunner.java:47)
	at com.intellij.rt.execution.junit.JUnitStarter.prepareStreamsAndStart(JUnitStarter.java:242)
	at com.intellij.rt.execution.junit.JUnitStarter.main(JUnitStarter.java:70)
2017-11-23 11:30:38,051 0    [main] INFO  org.hibernate.annotations.common.Version  - HCANN000001: Hibernate Commons Annotations {4.0.5.Final}
2017-11-23 11:30:38,069 18   [main] INFO  org.hibernate.Version  - HHH000412: Hibernate Core {4.3.11.Final}
2017-11-23 11:30:38,074 23   [main] INFO  org.hibernate.cfg.Environment  - HHH000206: hibernate.properties not found
2017-11-23 11:30:38,077 26   [main] INFO  org.hibernate.cfg.Environment  - HHH000021: Bytecode provider name : javassist
2017-11-23 11:30:38,122 71   [main] INFO  org.hibernate.cfg.Configuration  - HHH000043: Configuring from resource: /hibernate.cfg.xml
2017-11-23 11:30:38,122 71   [main] INFO  org.hibernate.cfg.Configuration  - HHH000040: Configuration resource: /hibernate.cfg.xml
2017-11-23 11:30:38,371 320  [main] INFO  org.hibernate.cfg.Configuration  - HHH000041: Configured SessionFactory: null
2017-11-23 11:30:38,642 591  [main] WARN  org.hibernate.engine.jdbc.connections.internal.DriverManagerConnectionProviderImpl  - HHH000402: Using Hibernate built-in connection pool (not for production use!)
2017-11-23 11:30:38,654 603  [main] INFO  org.hibernate.engine.jdbc.connections.internal.DriverManagerConnectionProviderImpl  - HHH000401: using driver [com.mysql.jdbc.Driver] at URL [jdbc:mysql://localhost:3306/productivityapp_dbtest]
2017-11-23 11:30:38,655 604  [main] INFO  org.hibernate.engine.jdbc.connections.internal.DriverManagerConnectionProviderImpl  - HHH000046: Connection properties: {user=root, password=****}
2017-11-23 11:30:38,655 604  [main] INFO  org.hibernate.engine.jdbc.connections.internal.DriverManagerConnectionProviderImpl  - HHH000006: Autocommit mode: false
2017-11-23 11:30:38,657 606  [main] INFO  org.hibernate.engine.jdbc.connections.internal.DriverManagerConnectionProviderImpl  - HHH000115: Hibernate connection pool size: 20 (min=1)
2017-11-23 11:30:39,386 1335 [main] INFO  org.hibernate.dialect.Dialect  - HHH000400: Using dialect: org.hibernate.dialect.MySQL5Dialect
2017-11-23 11:30:39,773 1722 [main] ERROR edu.matc.persistence.UserDao  - Error getting all users
org.hibernate.AnnotationException: Use of @OneToMany or @ManyToMany targeting an unmapped class: edu.matc.entity.User.roles[edu.matc.entity.UserRoles]
	at org.hibernate.cfg.annotations.CollectionBinder.bindManyToManySecondPass(CollectionBinder.java:1135)
	at org.hibernate.cfg.annotations.CollectionBinder.bindStarToManySecondPass(CollectionBinder.java:794)
	at org.hibernate.cfg.annotations.CollectionBinder$1.secondPass(CollectionBinder.java:729)
	at org.hibernate.cfg.CollectionSecondPass.doSecondPass(CollectionSecondPass.java:70)
	at org.hibernate.cfg.Configuration.originalSecondPassCompile(Configuration.java:1697)
	at org.hibernate.cfg.Configuration.secondPassCompile(Configuration.java:1426)
	at org.hibernate.cfg.Configuration.buildSessionFactory(Configuration.java:1846)
	at edu.matc.persistence.SessionFactoryProvider.createSessionFactory(SessionFactoryProvider.java:23)
	at edu.matc.persistence.SessionFactoryProvider.getSessionFactory(SessionFactoryProvider.java:28)
	at edu.matc.persistence.UserDao.getAllUsers(UserDao.java:121)
	at edu.matc.persistence.UserDaoTest.getAllUsers(UserDaoTest.java:36)
	at sun.reflect.NativeMethodAccessorImpl.invoke0(Native Method)
	at sun.reflect.NativeMethodAccessorImpl.invoke(NativeMethodAccessorImpl.java:62)
	at sun.reflect.DelegatingMethodAccessorImpl.invoke(DelegatingMethodAccessorImpl.java:43)
	at java.lang.reflect.Method.invoke(Method.java:498)
	at org.junit.runners.model.FrameworkMethod$1.runReflectiveCall(FrameworkMethod.java:50)
	at org.junit.internal.runners.model.ReflectiveCallable.run(ReflectiveCallable.java:12)
	at org.junit.runners.model.FrameworkMethod.invokeExplosively(FrameworkMethod.java:47)
	at org.junit.internal.runners.statements.InvokeMethod.evaluate(InvokeMethod.java:17)
	at org.junit.internal.runners.statements.RunBefores.evaluate(RunBefores.java:26)
	at org.junit.runners.ParentRunner.runLeaf(ParentRunner.java:325)
	at org.junit.runners.BlockJUnit4ClassRunner.runChild(BlockJUnit4ClassRunner.java:78)
	at org.junit.runners.BlockJUnit4ClassRunner.runChild(BlockJUnit4ClassRunner.java:57)
	at org.junit.runners.ParentRunner$3.run(ParentRunner.java:290)
	at org.junit.runners.ParentRunner$1.schedule(ParentRunner.java:71)
	at org.junit.runners.ParentRunner.runChildren(ParentRunner.java:288)
	at org.junit.runners.ParentRunner.access$000(ParentRunner.java:58)
	at org.junit.runners.ParentRunner$2.evaluate(ParentRunner.java:268)
	at org.junit.runners.ParentRunner.run(ParentRunner.java:363)
	at org.junit.runner.JUnitCore.run(JUnitCore.java:137)
	at com.intellij.junit4.JUnit4IdeaTestRunner.startRunnerWithArgs(JUnit4IdeaTestRunner.java:68)
	at com.intellij.rt.execution.junit.IdeaTestRunner$Repeater.startRunnerWithArgs(IdeaTestRunner.java:47)
	at com.intellij.rt.execution.junit.JUnitStarter.prepareStreamsAndStart(JUnitStarter.java:242)
	at com.intellij.rt.execution.junit.JUnitStarter.main(JUnitStarter.java:70)
2017-11-23 11:30:44,472 0    [main] INFO  org.hibernate.annotations.common.Version  - HCANN000001: Hibernate Commons Annotations {4.0.5.Final}
2017-11-23 11:30:44,480 8    [main] INFO  org.hibernate.Version  - HHH000412: Hibernate Core {4.3.11.Final}
2017-11-23 11:30:44,482 10   [main] INFO  org.hibernate.cfg.Environment  - HHH000206: hibernate.properties not found
2017-11-23 11:30:44,484 12   [main] INFO  org.hibernate.cfg.Environment  - HHH000021: Bytecode provider name : javassist
2017-11-23 11:30:44,517 45   [main] INFO  org.hibernate.cfg.Configuration  - HHH000043: Configuring from resource: /hibernate.cfg.xml
2017-11-23 11:30:44,517 45   [main] INFO  org.hibernate.cfg.Configuration  - HHH000040: Configuration resource: /hibernate.cfg.xml
2017-11-23 11:30:44,683 211  [main] INFO  org.hibernate.cfg.Configuration  - HHH000041: Configured SessionFactory: null
2017-11-23 11:30:44,865 393  [main] WARN  org.hibernate.engine.jdbc.connections.internal.DriverManagerConnectionProviderImpl  - HHH000402: Using Hibernate built-in connection pool (not for production use!)
2017-11-23 11:30:44,876 404  [main] INFO  org.hibernate.engine.jdbc.connections.internal.DriverManagerConnectionProviderImpl  - HHH000401: using driver [com.mysql.jdbc.Driver] at URL [jdbc:mysql://localhost:3306/productivityapp_dbtest]
2017-11-23 11:30:44,877 405  [main] INFO  org.hibernate.engine.jdbc.connections.internal.DriverManagerConnectionProviderImpl  - HHH000046: Connection properties: {user=root, password=****}
2017-11-23 11:30:44,877 405  [main] INFO  org.hibernate.engine.jdbc.connections.internal.DriverManagerConnectionProviderImpl  - HHH000006: Autocommit mode: false
2017-11-23 11:30:44,879 407  [main] INFO  org.hibernate.engine.jdbc.connections.internal.DriverManagerConnectionProviderImpl  - HHH000115: Hibernate connection pool size: 20 (min=1)
2017-11-23 11:30:45,725 1253 [main] INFO  org.hibernate.dialect.Dialect  - HHH000400: Using dialect: org.hibernate.dialect.MySQL5Dialect
2017-11-23 11:30:46,142 1670 [main] ERROR edu.matc.persistence.UserDao  - Error getting all users
org.hibernate.AnnotationException: Use of @OneToMany or @ManyToMany targeting an unmapped class: edu.matc.entity.User.roles[edu.matc.entity.UserRoles]
	at org.hibernate.cfg.annotations.CollectionBinder.bindManyToManySecondPass(CollectionBinder.java:1135)
	at org.hibernate.cfg.annotations.CollectionBinder.bindStarToManySecondPass(CollectionBinder.java:794)
	at org.hibernate.cfg.annotations.CollectionBinder$1.secondPass(CollectionBinder.java:729)
	at org.hibernate.cfg.CollectionSecondPass.doSecondPass(CollectionSecondPass.java:70)
	at org.hibernate.cfg.Configuration.originalSecondPassCompile(Configuration.java:1697)
	at org.hibernate.cfg.Configuration.secondPassCompile(Configuration.java:1426)
	at org.hibernate.cfg.Configuration.buildSessionFactory(Configuration.java:1846)
	at edu.matc.persistence.SessionFactoryProvider.createSessionFactory(SessionFactoryProvider.java:23)
	at edu.matc.persistence.SessionFactoryProvider.getSessionFactory(SessionFactoryProvider.java:28)
	at edu.matc.persistence.UserDao.getAllUsers(UserDao.java:121)
	at edu.matc.persistence.UserDaoTest.getAllUsers(UserDaoTest.java:36)
	at sun.reflect.NativeMethodAccessorImpl.invoke0(Native Method)
	at sun.reflect.NativeMethodAccessorImpl.invoke(NativeMethodAccessorImpl.java:62)
	at sun.reflect.DelegatingMethodAccessorImpl.invoke(DelegatingMethodAccessorImpl.java:43)
	at java.lang.reflect.Method.invoke(Method.java:498)
	at org.junit.runners.model.FrameworkMethod$1.runReflectiveCall(FrameworkMethod.java:50)
	at org.junit.internal.runners.model.ReflectiveCallable.run(ReflectiveCallable.java:12)
	at org.junit.runners.model.FrameworkMethod.invokeExplosively(FrameworkMethod.java:47)
	at org.junit.internal.runners.statements.InvokeMethod.evaluate(InvokeMethod.java:17)
	at org.junit.internal.runners.statements.RunBefores.evaluate(RunBefores.java:26)
	at org.junit.runners.ParentRunner.runLeaf(ParentRunner.java:325)
	at org.junit.runners.BlockJUnit4ClassRunner.runChild(BlockJUnit4ClassRunner.java:78)
	at org.junit.runners.BlockJUnit4ClassRunner.runChild(BlockJUnit4ClassRunner.java:57)
	at org.junit.runners.ParentRunner$3.run(ParentRunner.java:290)
	at org.junit.runners.ParentRunner$1.schedule(ParentRunner.java:71)
	at org.junit.runners.ParentRunner.runChildren(ParentRunner.java:288)
	at org.junit.runners.ParentRunner.access$000(ParentRunner.java:58)
	at org.junit.runners.ParentRunner$2.evaluate(ParentRunner.java:268)
	at org.junit.runners.ParentRunner.run(ParentRunner.java:363)
	at org.junit.runner.JUnitCore.run(JUnitCore.java:137)
	at com.intellij.junit4.JUnit4IdeaTestRunner.startRunnerWithArgs(JUnit4IdeaTestRunner.java:68)
	at com.intellij.rt.execution.junit.IdeaTestRunner$Repeater.startRunnerWithArgs(IdeaTestRunner.java:47)
	at com.intellij.rt.execution.junit.JUnitStarter.prepareStreamsAndStart(JUnitStarter.java:242)
	at com.intellij.rt.execution.junit.JUnitStarter.main(JUnitStarter.java:70)
2017-11-23 11:31:26,187 1    [main] INFO  org.hibernate.annotations.common.Version  - HCANN000001: Hibernate Commons Annotations {4.0.5.Final}
2017-11-23 11:31:26,201 15   [main] INFO  org.hibernate.Version  - HHH000412: Hibernate Core {4.3.11.Final}
2017-11-23 11:31:26,205 19   [main] INFO  org.hibernate.cfg.Environment  - HHH000206: hibernate.properties not found
2017-11-23 11:31:26,208 22   [main] INFO  org.hibernate.cfg.Environment  - HHH000021: Bytecode provider name : javassist
2017-11-23 11:31:26,312 126  [main] INFO  org.hibernate.cfg.Configuration  - HHH000043: Configuring from resource: /hibernate.cfg.xml
2017-11-23 11:31:26,312 126  [main] INFO  org.hibernate.cfg.Configuration  - HHH000040: Configuration resource: /hibernate.cfg.xml
2017-11-23 11:31:26,569 383  [main] INFO  org.hibernate.cfg.Configuration  - HHH000041: Configured SessionFactory: null
2017-11-23 11:31:26,964 778  [main] WARN  org.hibernate.engine.jdbc.connections.internal.DriverManagerConnectionProviderImpl  - HHH000402: Using Hibernate built-in connection pool (not for production use!)
2017-11-23 11:31:26,985 799  [main] INFO  org.hibernate.engine.jdbc.connections.internal.DriverManagerConnectionProviderImpl  - HHH000401: using driver [com.mysql.jdbc.Driver] at URL [jdbc:mysql://localhost:3306/productivityapp_dbtest]
2017-11-23 11:31:26,986 800  [main] INFO  org.hibernate.engine.jdbc.connections.internal.DriverManagerConnectionProviderImpl  - HHH000046: Connection properties: {user=root, password=****}
2017-11-23 11:31:26,986 800  [main] INFO  org.hibernate.engine.jdbc.connections.internal.DriverManagerConnectionProviderImpl  - HHH000006: Autocommit mode: false
2017-11-23 11:31:26,989 803  [main] INFO  org.hibernate.engine.jdbc.connections.internal.DriverManagerConnectionProviderImpl  - HHH000115: Hibernate connection pool size: 20 (min=1)
2017-11-23 11:31:27,973 1787 [main] INFO  org.hibernate.dialect.Dialect  - HHH000400: Using dialect: org.hibernate.dialect.MySQL5Dialect
2017-11-23 11:31:28,346 2160 [main] ERROR edu.matc.persistence.UserDao  - Error getting all users
org.hibernate.AnnotationException: Use of @OneToMany or @ManyToMany targeting an unmapped class: edu.matc.entity.User.roles[edu.matc.entity.UserRoles]
	at org.hibernate.cfg.annotations.CollectionBinder.bindManyToManySecondPass(CollectionBinder.java:1135)
	at org.hibernate.cfg.annotations.CollectionBinder.bindStarToManySecondPass(CollectionBinder.java:794)
	at org.hibernate.cfg.annotations.CollectionBinder$1.secondPass(CollectionBinder.java:729)
	at org.hibernate.cfg.CollectionSecondPass.doSecondPass(CollectionSecondPass.java:70)
	at org.hibernate.cfg.Configuration.originalSecondPassCompile(Configuration.java:1697)
	at org.hibernate.cfg.Configuration.secondPassCompile(Configuration.java:1426)
	at org.hibernate.cfg.Configuration.buildSessionFactory(Configuration.java:1846)
	at edu.matc.persistence.SessionFactoryProvider.createSessionFactory(SessionFactoryProvider.java:23)
	at edu.matc.persistence.SessionFactoryProvider.getSessionFactory(SessionFactoryProvider.java:28)
	at edu.matc.persistence.UserDao.getAllUsers(UserDao.java:121)
	at edu.matc.persistence.UserDaoTest.getAllUsers(UserDaoTest.java:36)
	at sun.reflect.NativeMethodAccessorImpl.invoke0(Native Method)
	at sun.reflect.NativeMethodAccessorImpl.invoke(NativeMethodAccessorImpl.java:62)
	at sun.reflect.DelegatingMethodAccessorImpl.invoke(DelegatingMethodAccessorImpl.java:43)
	at java.lang.reflect.Method.invoke(Method.java:498)
	at org.junit.runners.model.FrameworkMethod$1.runReflectiveCall(FrameworkMethod.java:50)
	at org.junit.internal.runners.model.ReflectiveCallable.run(ReflectiveCallable.java:12)
	at org.junit.runners.model.FrameworkMethod.invokeExplosively(FrameworkMethod.java:47)
	at org.junit.internal.runners.statements.InvokeMethod.evaluate(InvokeMethod.java:17)
	at org.junit.internal.runners.statements.RunBefores.evaluate(RunBefores.java:26)
	at org.junit.runners.ParentRunner.runLeaf(ParentRunner.java:325)
	at org.junit.runners.BlockJUnit4ClassRunner.runChild(BlockJUnit4ClassRunner.java:78)
	at org.junit.runners.BlockJUnit4ClassRunner.runChild(BlockJUnit4ClassRunner.java:57)
	at org.junit.runners.ParentRunner$3.run(ParentRunner.java:290)
	at org.junit.runners.ParentRunner$1.schedule(ParentRunner.java:71)
	at org.junit.runners.ParentRunner.runChildren(ParentRunner.java:288)
	at org.junit.runners.ParentRunner.access$000(ParentRunner.java:58)
	at org.junit.runners.ParentRunner$2.evaluate(ParentRunner.java:268)
	at org.junit.runners.ParentRunner.run(ParentRunner.java:363)
	at org.junit.runner.JUnitCore.run(JUnitCore.java:137)
	at com.intellij.junit4.JUnit4IdeaTestRunner.startRunnerWithArgs(JUnit4IdeaTestRunner.java:68)
	at com.intellij.rt.execution.junit.IdeaTestRunner$Repeater.startRunnerWithArgs(IdeaTestRunner.java:47)
	at com.intellij.rt.execution.junit.JUnitStarter.prepareStreamsAndStart(JUnitStarter.java:242)
	at com.intellij.rt.execution.junit.JUnitStarter.main(JUnitStarter.java:70)
2017-11-23 11:35:56,865 0    [main] INFO  org.hibernate.annotations.common.Version  - HCANN000001: Hibernate Commons Annotations {4.0.5.Final}
2017-11-23 11:35:56,882 17   [main] INFO  org.hibernate.Version  - HHH000412: Hibernate Core {4.3.11.Final}
2017-11-23 11:35:56,885 20   [main] INFO  org.hibernate.cfg.Environment  - HHH000206: hibernate.properties not found
2017-11-23 11:35:56,887 22   [main] INFO  org.hibernate.cfg.Environment  - HHH000021: Bytecode provider name : javassist
2017-11-23 11:35:56,936 71   [main] INFO  org.hibernate.cfg.Configuration  - HHH000043: Configuring from resource: /hibernate.cfg.xml
2017-11-23 11:35:56,936 71   [main] INFO  org.hibernate.cfg.Configuration  - HHH000040: Configuration resource: /hibernate.cfg.xml
2017-11-23 11:35:57,125 260  [main] INFO  org.hibernate.cfg.Configuration  - HHH000041: Configured SessionFactory: null
2017-11-23 11:35:57,298 433  [main] WARN  org.hibernate.engine.jdbc.connections.internal.DriverManagerConnectionProviderImpl  - HHH000402: Using Hibernate built-in connection pool (not for production use!)
2017-11-23 11:35:57,307 442  [main] INFO  org.hibernate.engine.jdbc.connections.internal.DriverManagerConnectionProviderImpl  - HHH000401: using driver [com.mysql.jdbc.Driver] at URL [jdbc:mysql://localhost:3306/productivityapp_dbtest]
2017-11-23 11:35:57,307 442  [main] INFO  org.hibernate.engine.jdbc.connections.internal.DriverManagerConnectionProviderImpl  - HHH000046: Connection properties: {user=root, password=****}
2017-11-23 11:35:57,307 442  [main] INFO  org.hibernate.engine.jdbc.connections.internal.DriverManagerConnectionProviderImpl  - HHH000006: Autocommit mode: false
2017-11-23 11:35:57,309 444  [main] INFO  org.hibernate.engine.jdbc.connections.internal.DriverManagerConnectionProviderImpl  - HHH000115: Hibernate connection pool size: 20 (min=1)
2017-11-23 11:35:58,203 1338 [main] INFO  org.hibernate.dialect.Dialect  - HHH000400: Using dialect: org.hibernate.dialect.MySQL5Dialect
2017-11-23 11:35:58,467 1602 [main] INFO  org.hibernate.engine.transaction.internal.TransactionFactoryInitiator  - HHH000399: Using default transaction strategy (direct JDBC transactions)
2017-11-23 11:35:58,492 1627 [main] INFO  org.hibernate.hql.internal.ast.ASTQueryTranslatorFactory  - HHH000397: Using ASTQueryTranslatorFactory
2017-11-23 11:35:59,179 2314 [main] INFO  org.hibernate.tool.hbm2ddl.SchemaExport  - HHH000227: Running hbm2ddl schema export
2017-11-23 11:35:59,430 2565 [main] INFO  org.hibernate.tool.hbm2ddl.SchemaExport  - HHH000230: Schema export complete
2017-11-23 11:35:59,552 2687 [main] WARN  org.hibernate.engine.jdbc.spi.SqlExceptionHelper  - SQL Error: 1054, SQLState: 42S22
2017-11-23 11:35:59,552 2687 [main] ERROR org.hibernate.engine.jdbc.spi.SqlExceptionHelper  - Unknown column 'this_.user_id_pk' in 'field list'
2017-11-23 11:35:59,554 2689 [main] ERROR edu.matc.persistence.UserDao  - Error getting all users
org.hibernate.exception.SQLGrammarException: could not extract ResultSet
	at org.hibernate.exception.internal.SQLExceptionTypeDelegate.convert(SQLExceptionTypeDelegate.java:80)
	at org.hibernate.exception.internal.StandardSQLExceptionConverter.convert(StandardSQLExceptionConverter.java:49)
	at org.hibernate.engine.jdbc.spi.SqlExceptionHelper.convert(SqlExceptionHelper.java:126)
	at org.hibernate.engine.jdbc.spi.SqlExceptionHelper.convert(SqlExceptionHelper.java:112)
	at org.hibernate.engine.jdbc.internal.ResultSetReturnImpl.extract(ResultSetReturnImpl.java:91)
	at org.hibernate.loader.Loader.getResultSet(Loader.java:2066)
	at org.hibernate.loader.Loader.executeQueryStatement(Loader.java:1863)
	at org.hibernate.loader.Loader.executeQueryStatement(Loader.java:1839)
	at org.hibernate.loader.Loader.doQuery(Loader.java:910)
	at org.hibernate.loader.Loader.doQueryAndInitializeNonLazyCollections(Loader.java:355)
	at org.hibernate.loader.Loader.doList(Loader.java:2554)
	at org.hibernate.loader.Loader.doList(Loader.java:2540)
	at org.hibernate.loader.Loader.listIgnoreQueryCache(Loader.java:2370)
	at org.hibernate.loader.Loader.list(Loader.java:2365)
	at org.hibernate.loader.criteria.CriteriaLoader.list(CriteriaLoader.java:126)
	at org.hibernate.internal.SessionImpl.list(SessionImpl.java:1718)
	at org.hibernate.internal.CriteriaImpl.list(CriteriaImpl.java:380)
	at edu.matc.persistence.UserDao.getAllUsers(UserDao.java:122)
	at edu.matc.persistence.UserDaoTest.getAllUsers(UserDaoTest.java:36)
	at sun.reflect.NativeMethodAccessorImpl.invoke0(Native Method)
	at sun.reflect.NativeMethodAccessorImpl.invoke(NativeMethodAccessorImpl.java:62)
	at sun.reflect.DelegatingMethodAccessorImpl.invoke(DelegatingMethodAccessorImpl.java:43)
	at java.lang.reflect.Method.invoke(Method.java:498)
	at org.junit.runners.model.FrameworkMethod$1.runReflectiveCall(FrameworkMethod.java:50)
	at org.junit.internal.runners.model.ReflectiveCallable.run(ReflectiveCallable.java:12)
	at org.junit.runners.model.FrameworkMethod.invokeExplosively(FrameworkMethod.java:47)
	at org.junit.internal.runners.statements.InvokeMethod.evaluate(InvokeMethod.java:17)
	at org.junit.internal.runners.statements.RunBefores.evaluate(RunBefores.java:26)
	at org.junit.runners.ParentRunner.runLeaf(ParentRunner.java:325)
	at org.junit.runners.BlockJUnit4ClassRunner.runChild(BlockJUnit4ClassRunner.java:78)
	at org.junit.runners.BlockJUnit4ClassRunner.runChild(BlockJUnit4ClassRunner.java:57)
	at org.junit.runners.ParentRunner$3.run(ParentRunner.java:290)
	at org.junit.runners.ParentRunner$1.schedule(ParentRunner.java:71)
	at org.junit.runners.ParentRunner.runChildren(ParentRunner.java:288)
	at org.junit.runners.ParentRunner.access$000(ParentRunner.java:58)
	at org.junit.runners.ParentRunner$2.evaluate(ParentRunner.java:268)
	at org.junit.runners.ParentRunner.run(ParentRunner.java:363)
	at org.junit.runner.JUnitCore.run(JUnitCore.java:137)
	at com.intellij.junit4.JUnit4IdeaTestRunner.startRunnerWithArgs(JUnit4IdeaTestRunner.java:68)
	at com.intellij.rt.execution.junit.IdeaTestRunner$Repeater.startRunnerWithArgs(IdeaTestRunner.java:47)
	at com.intellij.rt.execution.junit.JUnitStarter.prepareStreamsAndStart(JUnitStarter.java:242)
	at com.intellij.rt.execution.junit.JUnitStarter.main(JUnitStarter.java:70)
Caused by: com.mysql.jdbc.exceptions.jdbc4.MySQLSyntaxErrorException: Unknown column 'this_.user_id_pk' in 'field list'
	at sun.reflect.NativeConstructorAccessorImpl.newInstance0(Native Method)
	at sun.reflect.NativeConstructorAccessorImpl.newInstance(NativeConstructorAccessorImpl.java:62)
	at sun.reflect.DelegatingConstructorAccessorImpl.newInstance(DelegatingConstructorAccessorImpl.java:45)
	at java.lang.reflect.Constructor.newInstance(Constructor.java:423)
	at com.mysql.jdbc.Util.handleNewInstance(Util.java:404)
	at com.mysql.jdbc.Util.getInstance(Util.java:387)
	at com.mysql.jdbc.SQLError.createSQLException(SQLError.java:942)
	at com.mysql.jdbc.MysqlIO.checkErrorPacket(MysqlIO.java:3966)
	at com.mysql.jdbc.MysqlIO.checkErrorPacket(MysqlIO.java:3902)
	at com.mysql.jdbc.MysqlIO.sendCommand(MysqlIO.java:2526)
	at com.mysql.jdbc.MysqlIO.sqlQueryDirect(MysqlIO.java:2673)
	at com.mysql.jdbc.ConnectionImpl.execSQL(ConnectionImpl.java:2549)
	at com.mysql.jdbc.PreparedStatement.executeInternal(PreparedStatement.java:1861)
	at com.mysql.jdbc.PreparedStatement.executeQuery(PreparedStatement.java:1962)
	at org.hibernate.engine.jdbc.internal.ResultSetReturnImpl.extract(ResultSetReturnImpl.java:82)
	... 37 more
2017-11-23 11:35:59,559 2694 [main] WARN  org.hibernate.engine.jdbc.spi.SqlExceptionHelper  - SQL Warning Code: 1054, SQLState: 42S22
2017-11-23 11:35:59,559 2694 [main] WARN  org.hibernate.engine.jdbc.spi.SqlExceptionHelper  - Unknown column 'this_.user_id_pk' in 'field list'
2017-11-23 11:44:51,407 1    [main] INFO  org.hibernate.annotations.common.Version  - HCANN000001: Hibernate Commons Annotations {4.0.5.Final}
2017-11-23 11:44:51,420 14   [main] INFO  org.hibernate.Version  - HHH000412: Hibernate Core {4.3.11.Final}
2017-11-23 11:44:51,425 19   [main] INFO  org.hibernate.cfg.Environment  - HHH000206: hibernate.properties not found
2017-11-23 11:44:51,430 24   [main] INFO  org.hibernate.cfg.Environment  - HHH000021: Bytecode provider name : javassist
2017-11-23 11:44:51,481 75   [main] INFO  org.hibernate.cfg.Configuration  - HHH000043: Configuring from resource: /hibernate.cfg.xml
2017-11-23 11:44:51,481 75   [main] INFO  org.hibernate.cfg.Configuration  - HHH000040: Configuration resource: /hibernate.cfg.xml
2017-11-23 11:44:51,670 264  [main] INFO  org.hibernate.cfg.Configuration  - HHH000041: Configured SessionFactory: null
2017-11-23 11:44:51,869 463  [main] WARN  org.hibernate.engine.jdbc.connections.internal.DriverManagerConnectionProviderImpl  - HHH000402: Using Hibernate built-in connection pool (not for production use!)
2017-11-23 11:44:51,886 480  [main] INFO  org.hibernate.engine.jdbc.connections.internal.DriverManagerConnectionProviderImpl  - HHH000401: using driver [com.mysql.jdbc.Driver] at URL [jdbc:mysql://localhost:3306/productivityapp_dbtest]
2017-11-23 11:44:51,887 481  [main] INFO  org.hibernate.engine.jdbc.connections.internal.DriverManagerConnectionProviderImpl  - HHH000046: Connection properties: {user=root, password=****}
2017-11-23 11:44:51,887 481  [main] INFO  org.hibernate.engine.jdbc.connections.internal.DriverManagerConnectionProviderImpl  - HHH000006: Autocommit mode: false
2017-11-23 11:44:51,890 484  [main] INFO  org.hibernate.engine.jdbc.connections.internal.DriverManagerConnectionProviderImpl  - HHH000115: Hibernate connection pool size: 20 (min=1)
2017-11-23 11:44:52,805 1399 [main] INFO  org.hibernate.dialect.Dialect  - HHH000400: Using dialect: org.hibernate.dialect.MySQL5Dialect
2017-11-23 11:44:53,186 1780 [main] INFO  org.hibernate.engine.transaction.internal.TransactionFactoryInitiator  - HHH000399: Using default transaction strategy (direct JDBC transactions)
2017-11-23 11:44:53,211 1805 [main] INFO  org.hibernate.hql.internal.ast.ASTQueryTranslatorFactory  - HHH000397: Using ASTQueryTranslatorFactory
2017-11-23 11:44:53,883 2477 [main] INFO  org.hibernate.tool.hbm2ddl.SchemaExport  - HHH000227: Running hbm2ddl schema export
2017-11-23 11:44:54,395 2989 [main] INFO  org.hibernate.tool.hbm2ddl.SchemaExport  - HHH000230: Schema export complete
2017-11-23 11:44:54,503 3097 [main] WARN  org.hibernate.engine.jdbc.spi.SqlExceptionHelper  - SQL Error: 1054, SQLState: 42S22
2017-11-23 11:44:54,503 3097 [main] ERROR org.hibernate.engine.jdbc.spi.SqlExceptionHelper  - Unknown column 'this_.user_id_pk' in 'field list'
2017-11-23 11:44:54,505 3099 [main] ERROR edu.matc.persistence.UserDao  - Error getting all users
org.hibernate.exception.SQLGrammarException: could not extract ResultSet
	at org.hibernate.exception.internal.SQLExceptionTypeDelegate.convert(SQLExceptionTypeDelegate.java:80)
	at org.hibernate.exception.internal.StandardSQLExceptionConverter.convert(StandardSQLExceptionConverter.java:49)
	at org.hibernate.engine.jdbc.spi.SqlExceptionHelper.convert(SqlExceptionHelper.java:126)
	at org.hibernate.engine.jdbc.spi.SqlExceptionHelper.convert(SqlExceptionHelper.java:112)
	at org.hibernate.engine.jdbc.internal.ResultSetReturnImpl.extract(ResultSetReturnImpl.java:91)
	at org.hibernate.loader.Loader.getResultSet(Loader.java:2066)
	at org.hibernate.loader.Loader.executeQueryStatement(Loader.java:1863)
	at org.hibernate.loader.Loader.executeQueryStatement(Loader.java:1839)
	at org.hibernate.loader.Loader.doQuery(Loader.java:910)
	at org.hibernate.loader.Loader.doQueryAndInitializeNonLazyCollections(Loader.java:355)
	at org.hibernate.loader.Loader.doList(Loader.java:2554)
	at org.hibernate.loader.Loader.doList(Loader.java:2540)
	at org.hibernate.loader.Loader.listIgnoreQueryCache(Loader.java:2370)
	at org.hibernate.loader.Loader.list(Loader.java:2365)
	at org.hibernate.loader.criteria.CriteriaLoader.list(CriteriaLoader.java:126)
	at org.hibernate.internal.SessionImpl.list(SessionImpl.java:1718)
	at org.hibernate.internal.CriteriaImpl.list(CriteriaImpl.java:380)
	at edu.matc.persistence.UserDao.getAllUsers(UserDao.java:122)
	at edu.matc.persistence.UserDaoTest.getAllUsers(UserDaoTest.java:36)
	at sun.reflect.NativeMethodAccessorImpl.invoke0(Native Method)
	at sun.reflect.NativeMethodAccessorImpl.invoke(NativeMethodAccessorImpl.java:62)
	at sun.reflect.DelegatingMethodAccessorImpl.invoke(DelegatingMethodAccessorImpl.java:43)
	at java.lang.reflect.Method.invoke(Method.java:498)
	at org.junit.runners.model.FrameworkMethod$1.runReflectiveCall(FrameworkMethod.java:50)
	at org.junit.internal.runners.model.ReflectiveCallable.run(ReflectiveCallable.java:12)
	at org.junit.runners.model.FrameworkMethod.invokeExplosively(FrameworkMethod.java:47)
	at org.junit.internal.runners.statements.InvokeMethod.evaluate(InvokeMethod.java:17)
	at org.junit.internal.runners.statements.RunBefores.evaluate(RunBefores.java:26)
	at org.junit.runners.ParentRunner.runLeaf(ParentRunner.java:325)
	at org.junit.runners.BlockJUnit4ClassRunner.runChild(BlockJUnit4ClassRunner.java:78)
	at org.junit.runners.BlockJUnit4ClassRunner.runChild(BlockJUnit4ClassRunner.java:57)
	at org.junit.runners.ParentRunner$3.run(ParentRunner.java:290)
	at org.junit.runners.ParentRunner$1.schedule(ParentRunner.java:71)
	at org.junit.runners.ParentRunner.runChildren(ParentRunner.java:288)
	at org.junit.runners.ParentRunner.access$000(ParentRunner.java:58)
	at org.junit.runners.ParentRunner$2.evaluate(ParentRunner.java:268)
	at org.junit.runners.ParentRunner.run(ParentRunner.java:363)
	at org.junit.runner.JUnitCore.run(JUnitCore.java:137)
	at com.intellij.junit4.JUnit4IdeaTestRunner.startRunnerWithArgs(JUnit4IdeaTestRunner.java:68)
	at com.intellij.rt.execution.junit.IdeaTestRunner$Repeater.startRunnerWithArgs(IdeaTestRunner.java:47)
	at com.intellij.rt.execution.junit.JUnitStarter.prepareStreamsAndStart(JUnitStarter.java:242)
	at com.intellij.rt.execution.junit.JUnitStarter.main(JUnitStarter.java:70)
Caused by: com.mysql.jdbc.exceptions.jdbc4.MySQLSyntaxErrorException: Unknown column 'this_.user_id_pk' in 'field list'
	at sun.reflect.NativeConstructorAccessorImpl.newInstance0(Native Method)
	at sun.reflect.NativeConstructorAccessorImpl.newInstance(NativeConstructorAccessorImpl.java:62)
	at sun.reflect.DelegatingConstructorAccessorImpl.newInstance(DelegatingConstructorAccessorImpl.java:45)
	at java.lang.reflect.Constructor.newInstance(Constructor.java:423)
	at com.mysql.jdbc.Util.handleNewInstance(Util.java:404)
	at com.mysql.jdbc.Util.getInstance(Util.java:387)
	at com.mysql.jdbc.SQLError.createSQLException(SQLError.java:942)
	at com.mysql.jdbc.MysqlIO.checkErrorPacket(MysqlIO.java:3966)
	at com.mysql.jdbc.MysqlIO.checkErrorPacket(MysqlIO.java:3902)
	at com.mysql.jdbc.MysqlIO.sendCommand(MysqlIO.java:2526)
	at com.mysql.jdbc.MysqlIO.sqlQueryDirect(MysqlIO.java:2673)
	at com.mysql.jdbc.ConnectionImpl.execSQL(ConnectionImpl.java:2549)
	at com.mysql.jdbc.PreparedStatement.executeInternal(PreparedStatement.java:1861)
	at com.mysql.jdbc.PreparedStatement.executeQuery(PreparedStatement.java:1962)
	at org.hibernate.engine.jdbc.internal.ResultSetReturnImpl.extract(ResultSetReturnImpl.java:82)
	... 37 more
2017-11-23 11:44:54,510 3104 [main] WARN  org.hibernate.engine.jdbc.spi.SqlExceptionHelper  - SQL Warning Code: 1054, SQLState: 42S22
2017-11-23 11:44:54,510 3104 [main] WARN  org.hibernate.engine.jdbc.spi.SqlExceptionHelper  - Unknown column 'this_.user_id_pk' in 'field list'
2017-11-23 11:45:51,761 0    [main] INFO  org.hibernate.annotations.common.Version  - HCANN000001: Hibernate Commons Annotations {4.0.5.Final}
2017-11-23 11:45:51,776 15   [main] INFO  org.hibernate.Version  - HHH000412: Hibernate Core {4.3.11.Final}
2017-11-23 11:45:51,780 19   [main] INFO  org.hibernate.cfg.Environment  - HHH000206: hibernate.properties not found
2017-11-23 11:45:51,783 22   [main] INFO  org.hibernate.cfg.Environment  - HHH000021: Bytecode provider name : javassist
2017-11-23 11:45:51,823 62   [main] INFO  org.hibernate.cfg.Configuration  - HHH000043: Configuring from resource: /hibernate.cfg.xml
2017-11-23 11:45:51,823 62   [main] INFO  org.hibernate.cfg.Configuration  - HHH000040: Configuration resource: /hibernate.cfg.xml
2017-11-23 11:45:51,985 224  [main] INFO  org.hibernate.cfg.Configuration  - HHH000041: Configured SessionFactory: null
2017-11-23 11:45:52,176 415  [main] WARN  org.hibernate.engine.jdbc.connections.internal.DriverManagerConnectionProviderImpl  - HHH000402: Using Hibernate built-in connection pool (not for production use!)
2017-11-23 11:45:52,187 426  [main] INFO  org.hibernate.engine.jdbc.connections.internal.DriverManagerConnectionProviderImpl  - HHH000401: using driver [com.mysql.jdbc.Driver] at URL [jdbc:mysql://localhost:3306/productivityapp_dbtest]
2017-11-23 11:45:52,188 427  [main] INFO  org.hibernate.engine.jdbc.connections.internal.DriverManagerConnectionProviderImpl  - HHH000046: Connection properties: {user=root, password=****}
2017-11-23 11:45:52,188 427  [main] INFO  org.hibernate.engine.jdbc.connections.internal.DriverManagerConnectionProviderImpl  - HHH000006: Autocommit mode: false
2017-11-23 11:45:52,191 430  [main] INFO  org.hibernate.engine.jdbc.connections.internal.DriverManagerConnectionProviderImpl  - HHH000115: Hibernate connection pool size: 20 (min=1)
2017-11-23 11:45:53,055 1294 [main] INFO  org.hibernate.dialect.Dialect  - HHH000400: Using dialect: org.hibernate.dialect.MySQL5Dialect
2017-11-23 11:45:53,392 1631 [main] INFO  org.hibernate.engine.transaction.internal.TransactionFactoryInitiator  - HHH000399: Using default transaction strategy (direct JDBC transactions)
2017-11-23 11:45:53,427 1666 [main] INFO  org.hibernate.hql.internal.ast.ASTQueryTranslatorFactory  - HHH000397: Using ASTQueryTranslatorFactory
2017-11-23 11:45:54,267 2506 [main] INFO  org.hibernate.tool.hbm2ddl.SchemaExport  - HHH000227: Running hbm2ddl schema export
2017-11-23 11:45:54,594 2833 [main] INFO  org.hibernate.tool.hbm2ddl.SchemaExport  - HHH000230: Schema export complete
2017-11-23 11:45:54,724 2963 [main] WARN  org.hibernate.engine.jdbc.spi.SqlExceptionHelper  - SQL Error: 1054, SQLState: 42S22
2017-11-23 11:45:54,724 2963 [main] ERROR org.hibernate.engine.jdbc.spi.SqlExceptionHelper  - Unknown column 'user0_.user_id_pk' in 'field list'
2017-11-23 11:45:54,725 2964 [main] INFO  org.hibernate.event.internal.DefaultLoadEventListener  - HHH000327: Error performing load command : org.hibernate.exception.SQLGrammarException: could not extract ResultSet
2017-11-23 11:45:54,726 2965 [main] ERROR edu.matc.persistence.UserDao  - Error getting user with id: 95
org.hibernate.exception.SQLGrammarException: could not extract ResultSet
	at org.hibernate.exception.internal.SQLExceptionTypeDelegate.convert(SQLExceptionTypeDelegate.java:80)
	at org.hibernate.exception.internal.StandardSQLExceptionConverter.convert(StandardSQLExceptionConverter.java:49)
	at org.hibernate.engine.jdbc.spi.SqlExceptionHelper.convert(SqlExceptionHelper.java:126)
	at org.hibernate.engine.jdbc.spi.SqlExceptionHelper.convert(SqlExceptionHelper.java:112)
	at org.hibernate.engine.jdbc.internal.ResultSetReturnImpl.extract(ResultSetReturnImpl.java:91)
	at org.hibernate.loader.plan.exec.internal.AbstractLoadPlanBasedLoader.getResultSet(AbstractLoadPlanBasedLoader.java:449)
	at org.hibernate.loader.plan.exec.internal.AbstractLoadPlanBasedLoader.executeQueryStatement(AbstractLoadPlanBasedLoader.java:202)
	at org.hibernate.loader.plan.exec.internal.AbstractLoadPlanBasedLoader.executeLoad(AbstractLoadPlanBasedLoader.java:137)
	at org.hibernate.loader.plan.exec.internal.AbstractLoadPlanBasedLoader.executeLoad(AbstractLoadPlanBasedLoader.java:102)
	at org.hibernate.loader.entity.plan.AbstractLoadPlanBasedEntityLoader.load(AbstractLoadPlanBasedEntityLoader.java:186)
	at org.hibernate.persister.entity.AbstractEntityPersister.load(AbstractEntityPersister.java:4126)
	at org.hibernate.event.internal.DefaultLoadEventListener.loadFromDatasource(DefaultLoadEventListener.java:503)
	at org.hibernate.event.internal.DefaultLoadEventListener.doLoad(DefaultLoadEventListener.java:468)
	at org.hibernate.event.internal.DefaultLoadEventListener.load(DefaultLoadEventListener.java:213)
	at org.hibernate.event.internal.DefaultLoadEventListener.proxyOrLoad(DefaultLoadEventListener.java:275)
	at org.hibernate.event.internal.DefaultLoadEventListener.onLoad(DefaultLoadEventListener.java:151)
	at org.hibernate.internal.SessionImpl.fireLoad(SessionImpl.java:1106)
	at org.hibernate.internal.SessionImpl.access$2000(SessionImpl.java:176)
	at org.hibernate.internal.SessionImpl$IdentifierLoadAccessImpl.load(SessionImpl.java:2587)
	at org.hibernate.internal.SessionImpl.get(SessionImpl.java:991)
	at edu.matc.persistence.UserDao.getUserById(UserDao.java:169)
	at edu.matc.persistence.UserDaoTest.removeUserTest(UserDaoTest.java:76)
	at sun.reflect.NativeMethodAccessorImpl.invoke0(Native Method)
	at sun.reflect.NativeMethodAccessorImpl.invoke(NativeMethodAccessorImpl.java:62)
	at sun.reflect.DelegatingMethodAccessorImpl.invoke(DelegatingMethodAccessorImpl.java:43)
	at java.lang.reflect.Method.invoke(Method.java:498)
	at org.junit.runners.model.FrameworkMethod$1.runReflectiveCall(FrameworkMethod.java:50)
	at org.junit.internal.runners.model.ReflectiveCallable.run(ReflectiveCallable.java:12)
	at org.junit.runners.model.FrameworkMethod.invokeExplosively(FrameworkMethod.java:47)
	at org.junit.internal.runners.statements.InvokeMethod.evaluate(InvokeMethod.java:17)
	at org.junit.internal.runners.statements.RunBefores.evaluate(RunBefores.java:26)
	at org.junit.runners.ParentRunner.runLeaf(ParentRunner.java:325)
	at org.junit.runners.BlockJUnit4ClassRunner.runChild(BlockJUnit4ClassRunner.java:78)
	at org.junit.runners.BlockJUnit4ClassRunner.runChild(BlockJUnit4ClassRunner.java:57)
	at org.junit.runners.ParentRunner$3.run(ParentRunner.java:290)
	at org.junit.runners.ParentRunner$1.schedule(ParentRunner.java:71)
	at org.junit.runners.ParentRunner.runChildren(ParentRunner.java:288)
	at org.junit.runners.ParentRunner.access$000(ParentRunner.java:58)
	at org.junit.runners.ParentRunner$2.evaluate(ParentRunner.java:268)
	at org.junit.runners.ParentRunner.run(ParentRunner.java:363)
	at org.junit.runner.JUnitCore.run(JUnitCore.java:137)
	at com.intellij.junit4.JUnit4IdeaTestRunner.startRunnerWithArgs(JUnit4IdeaTestRunner.java:68)
	at com.intellij.rt.execution.junit.IdeaTestRunner$Repeater.startRunnerWithArgs(IdeaTestRunner.java:47)
	at com.intellij.rt.execution.junit.JUnitStarter.prepareStreamsAndStart(JUnitStarter.java:242)
	at com.intellij.rt.execution.junit.JUnitStarter.main(JUnitStarter.java:70)
Caused by: com.mysql.jdbc.exceptions.jdbc4.MySQLSyntaxErrorException: Unknown column 'user0_.user_id_pk' in 'field list'
	at sun.reflect.NativeConstructorAccessorImpl.newInstance0(Native Method)
	at sun.reflect.NativeConstructorAccessorImpl.newInstance(NativeConstructorAccessorImpl.java:62)
	at sun.reflect.DelegatingConstructorAccessorImpl.newInstance(DelegatingConstructorAccessorImpl.java:45)
	at java.lang.reflect.Constructor.newInstance(Constructor.java:423)
	at com.mysql.jdbc.Util.handleNewInstance(Util.java:404)
	at com.mysql.jdbc.Util.getInstance(Util.java:387)
	at com.mysql.jdbc.SQLError.createSQLException(SQLError.java:942)
	at com.mysql.jdbc.MysqlIO.checkErrorPacket(MysqlIO.java:3966)
	at com.mysql.jdbc.MysqlIO.checkErrorPacket(MysqlIO.java:3902)
	at com.mysql.jdbc.MysqlIO.sendCommand(MysqlIO.java:2526)
	at com.mysql.jdbc.MysqlIO.sqlQueryDirect(MysqlIO.java:2673)
	at com.mysql.jdbc.ConnectionImpl.execSQL(ConnectionImpl.java:2549)
	at com.mysql.jdbc.PreparedStatement.executeInternal(PreparedStatement.java:1861)
	at com.mysql.jdbc.PreparedStatement.executeQuery(PreparedStatement.java:1962)
	at org.hibernate.engine.jdbc.internal.ResultSetReturnImpl.extract(ResultSetReturnImpl.java:82)
	... 40 more
2017-11-23 11:45:54,730 2969 [main] WARN  org.hibernate.engine.jdbc.spi.SqlExceptionHelper  - SQL Warning Code: 1054, SQLState: 42S22
2017-11-23 11:45:54,731 2970 [main] WARN  org.hibernate.engine.jdbc.spi.SqlExceptionHelper  - Unknown column 'user0_.user_id_pk' in 'field list'
2017-11-23 11:45:54,808 3047 [main] WARN  org.hibernate.engine.jdbc.spi.SqlExceptionHelper  - SQL Error: 1054, SQLState: 42S22
2017-11-23 11:45:54,809 3048 [main] ERROR org.hibernate.engine.jdbc.spi.SqlExceptionHelper  - Unknown column 'this_.user_id_pk' in 'field list'
2017-11-23 11:45:54,809 3048 [main] ERROR edu.matc.persistence.UserDao  - Error getting all users
org.hibernate.exception.SQLGrammarException: could not extract ResultSet
	at org.hibernate.exception.internal.SQLExceptionTypeDelegate.convert(SQLExceptionTypeDelegate.java:80)
	at org.hibernate.exception.internal.StandardSQLExceptionConverter.convert(StandardSQLExceptionConverter.java:49)
	at org.hibernate.engine.jdbc.spi.SqlExceptionHelper.convert(SqlExceptionHelper.java:126)
	at org.hibernate.engine.jdbc.spi.SqlExceptionHelper.convert(SqlExceptionHelper.java:112)
	at org.hibernate.engine.jdbc.internal.ResultSetReturnImpl.extract(ResultSetReturnImpl.java:91)
	at org.hibernate.loader.Loader.getResultSet(Loader.java:2066)
	at org.hibernate.loader.Loader.executeQueryStatement(Loader.java:1863)
	at org.hibernate.loader.Loader.executeQueryStatement(Loader.java:1839)
	at org.hibernate.loader.Loader.doQuery(Loader.java:910)
	at org.hibernate.loader.Loader.doQueryAndInitializeNonLazyCollections(Loader.java:355)
	at org.hibernate.loader.Loader.doList(Loader.java:2554)
	at org.hibernate.loader.Loader.doList(Loader.java:2540)
	at org.hibernate.loader.Loader.listIgnoreQueryCache(Loader.java:2370)
	at org.hibernate.loader.Loader.list(Loader.java:2365)
	at org.hibernate.loader.criteria.CriteriaLoader.list(CriteriaLoader.java:126)
	at org.hibernate.internal.SessionImpl.list(SessionImpl.java:1718)
	at org.hibernate.internal.CriteriaImpl.list(CriteriaImpl.java:380)
	at edu.matc.persistence.UserDao.getAllUsers(UserDao.java:122)
	at edu.matc.persistence.UserDaoTest.getAllUsers(UserDaoTest.java:36)
	at sun.reflect.NativeMethodAccessorImpl.invoke0(Native Method)
	at sun.reflect.NativeMethodAccessorImpl.invoke(NativeMethodAccessorImpl.java:62)
	at sun.reflect.DelegatingMethodAccessorImpl.invoke(DelegatingMethodAccessorImpl.java:43)
	at java.lang.reflect.Method.invoke(Method.java:498)
	at org.junit.runners.model.FrameworkMethod$1.runReflectiveCall(FrameworkMethod.java:50)
	at org.junit.internal.runners.model.ReflectiveCallable.run(ReflectiveCallable.java:12)
	at org.junit.runners.model.FrameworkMethod.invokeExplosively(FrameworkMethod.java:47)
	at org.junit.internal.runners.statements.InvokeMethod.evaluate(InvokeMethod.java:17)
	at org.junit.internal.runners.statements.RunBefores.evaluate(RunBefores.java:26)
	at org.junit.runners.ParentRunner.runLeaf(ParentRunner.java:325)
	at org.junit.runners.BlockJUnit4ClassRunner.runChild(BlockJUnit4ClassRunner.java:78)
	at org.junit.runners.BlockJUnit4ClassRunner.runChild(BlockJUnit4ClassRunner.java:57)
	at org.junit.runners.ParentRunner$3.run(ParentRunner.java:290)
	at org.junit.runners.ParentRunner$1.schedule(ParentRunner.java:71)
	at org.junit.runners.ParentRunner.runChildren(ParentRunner.java:288)
	at org.junit.runners.ParentRunner.access$000(ParentRunner.java:58)
	at org.junit.runners.ParentRunner$2.evaluate(ParentRunner.java:268)
	at org.junit.runners.ParentRunner.run(ParentRunner.java:363)
	at org.junit.runner.JUnitCore.run(JUnitCore.java:137)
	at com.intellij.junit4.JUnit4IdeaTestRunner.startRunnerWithArgs(JUnit4IdeaTestRunner.java:68)
	at com.intellij.rt.execution.junit.IdeaTestRunner$Repeater.startRunnerWithArgs(IdeaTestRunner.java:47)
	at com.intellij.rt.execution.junit.JUnitStarter.prepareStreamsAndStart(JUnitStarter.java:242)
	at com.intellij.rt.execution.junit.JUnitStarter.main(JUnitStarter.java:70)
Caused by: com.mysql.jdbc.exceptions.jdbc4.MySQLSyntaxErrorException: Unknown column 'this_.user_id_pk' in 'field list'
	at sun.reflect.NativeConstructorAccessorImpl.newInstance0(Native Method)
	at sun.reflect.NativeConstructorAccessorImpl.newInstance(NativeConstructorAccessorImpl.java:62)
	at sun.reflect.DelegatingConstructorAccessorImpl.newInstance(DelegatingConstructorAccessorImpl.java:45)
	at java.lang.reflect.Constructor.newInstance(Constructor.java:423)
	at com.mysql.jdbc.Util.handleNewInstance(Util.java:404)
	at com.mysql.jdbc.Util.getInstance(Util.java:387)
	at com.mysql.jdbc.SQLError.createSQLException(SQLError.java:942)
	at com.mysql.jdbc.MysqlIO.checkErrorPacket(MysqlIO.java:3966)
	at com.mysql.jdbc.MysqlIO.checkErrorPacket(MysqlIO.java:3902)
	at com.mysql.jdbc.MysqlIO.sendCommand(MysqlIO.java:2526)
	at com.mysql.jdbc.MysqlIO.sqlQueryDirect(MysqlIO.java:2673)
	at com.mysql.jdbc.ConnectionImpl.execSQL(ConnectionImpl.java:2549)
	at com.mysql.jdbc.PreparedStatement.executeInternal(PreparedStatement.java:1861)
	at com.mysql.jdbc.PreparedStatement.executeQuery(PreparedStatement.java:1962)
	at org.hibernate.engine.jdbc.internal.ResultSetReturnImpl.extract(ResultSetReturnImpl.java:82)
	... 37 more
2017-11-23 11:45:54,811 3050 [main] WARN  org.hibernate.engine.jdbc.spi.SqlExceptionHelper  - SQL Warning Code: 1054, SQLState: 42S22
2017-11-23 11:45:54,812 3051 [main] WARN  org.hibernate.engine.jdbc.spi.SqlExceptionHelper  - Unknown column 'this_.user_id_pk' in 'field list'
2017-11-23 11:45:54,876 3115 [main] WARN  org.hibernate.engine.jdbc.spi.SqlExceptionHelper  - SQL Error: 1054, SQLState: 42S22
2017-11-23 11:45:54,876 3115 [main] ERROR org.hibernate.engine.jdbc.spi.SqlExceptionHelper  - Unknown column 'this_.user_id_pk' in 'field list'
2017-11-23 11:45:54,876 3115 [main] ERROR edu.matc.persistence.UserDao  - Error getting all users with last name: Hawkins
org.hibernate.exception.SQLGrammarException: could not extract ResultSet
	at org.hibernate.exception.internal.SQLExceptionTypeDelegate.convert(SQLExceptionTypeDelegate.java:80)
	at org.hibernate.exception.internal.StandardSQLExceptionConverter.convert(StandardSQLExceptionConverter.java:49)
	at org.hibernate.engine.jdbc.spi.SqlExceptionHelper.convert(SqlExceptionHelper.java:126)
	at org.hibernate.engine.jdbc.spi.SqlExceptionHelper.convert(SqlExceptionHelper.java:112)
	at org.hibernate.engine.jdbc.internal.ResultSetReturnImpl.extract(ResultSetReturnImpl.java:91)
	at org.hibernate.loader.Loader.getResultSet(Loader.java:2066)
	at org.hibernate.loader.Loader.executeQueryStatement(Loader.java:1863)
	at org.hibernate.loader.Loader.executeQueryStatement(Loader.java:1839)
	at org.hibernate.loader.Loader.doQuery(Loader.java:910)
	at org.hibernate.loader.Loader.doQueryAndInitializeNonLazyCollections(Loader.java:355)
	at org.hibernate.loader.Loader.doList(Loader.java:2554)
	at org.hibernate.loader.Loader.doList(Loader.java:2540)
	at org.hibernate.loader.Loader.listIgnoreQueryCache(Loader.java:2370)
	at org.hibernate.loader.Loader.list(Loader.java:2365)
	at org.hibernate.loader.criteria.CriteriaLoader.list(CriteriaLoader.java:126)
	at org.hibernate.internal.SessionImpl.list(SessionImpl.java:1718)
	at org.hibernate.internal.CriteriaImpl.list(CriteriaImpl.java:380)
	at edu.matc.persistence.UserDao.getUsersByLastName(UserDao.java:147)
	at edu.matc.persistence.UserDaoTest.getUsersByLastNameTest(UserDaoTest.java:54)
	at sun.reflect.NativeMethodAccessorImpl.invoke0(Native Method)
	at sun.reflect.NativeMethodAccessorImpl.invoke(NativeMethodAccessorImpl.java:62)
	at sun.reflect.DelegatingMethodAccessorImpl.invoke(DelegatingMethodAccessorImpl.java:43)
	at java.lang.reflect.Method.invoke(Method.java:498)
	at org.junit.runners.model.FrameworkMethod$1.runReflectiveCall(FrameworkMethod.java:50)
	at org.junit.internal.runners.model.ReflectiveCallable.run(ReflectiveCallable.java:12)
	at org.junit.runners.model.FrameworkMethod.invokeExplosively(FrameworkMethod.java:47)
	at org.junit.internal.runners.statements.InvokeMethod.evaluate(InvokeMethod.java:17)
	at org.junit.internal.runners.statements.RunBefores.evaluate(RunBefores.java:26)
	at org.junit.runners.ParentRunner.runLeaf(ParentRunner.java:325)
	at org.junit.runners.BlockJUnit4ClassRunner.runChild(BlockJUnit4ClassRunner.java:78)
	at org.junit.runners.BlockJUnit4ClassRunner.runChild(BlockJUnit4ClassRunner.java:57)
	at org.junit.runners.ParentRunner$3.run(ParentRunner.java:290)
	at org.junit.runners.ParentRunner$1.schedule(ParentRunner.java:71)
	at org.junit.runners.ParentRunner.runChildren(ParentRunner.java:288)
	at org.junit.runners.ParentRunner.access$000(ParentRunner.java:58)
	at org.junit.runners.ParentRunner$2.evaluate(ParentRunner.java:268)
	at org.junit.runners.ParentRunner.run(ParentRunner.java:363)
	at org.junit.runner.JUnitCore.run(JUnitCore.java:137)
	at com.intellij.junit4.JUnit4IdeaTestRunner.startRunnerWithArgs(JUnit4IdeaTestRunner.java:68)
	at com.intellij.rt.execution.junit.IdeaTestRunner$Repeater.startRunnerWithArgs(IdeaTestRunner.java:47)
	at com.intellij.rt.execution.junit.JUnitStarter.prepareStreamsAndStart(JUnitStarter.java:242)
	at com.intellij.rt.execution.junit.JUnitStarter.main(JUnitStarter.java:70)
Caused by: com.mysql.jdbc.exceptions.jdbc4.MySQLSyntaxErrorException: Unknown column 'this_.user_id_pk' in 'field list'
	at sun.reflect.NativeConstructorAccessorImpl.newInstance0(Native Method)
	at sun.reflect.NativeConstructorAccessorImpl.newInstance(NativeConstructorAccessorImpl.java:62)
	at sun.reflect.DelegatingConstructorAccessorImpl.newInstance(DelegatingConstructorAccessorImpl.java:45)
	at java.lang.reflect.Constructor.newInstance(Constructor.java:423)
	at com.mysql.jdbc.Util.handleNewInstance(Util.java:404)
	at com.mysql.jdbc.Util.getInstance(Util.java:387)
	at com.mysql.jdbc.SQLError.createSQLException(SQLError.java:942)
	at com.mysql.jdbc.MysqlIO.checkErrorPacket(MysqlIO.java:3966)
	at com.mysql.jdbc.MysqlIO.checkErrorPacket(MysqlIO.java:3902)
	at com.mysql.jdbc.MysqlIO.sendCommand(MysqlIO.java:2526)
	at com.mysql.jdbc.MysqlIO.sqlQueryDirect(MysqlIO.java:2673)
	at com.mysql.jdbc.ConnectionImpl.execSQL(ConnectionImpl.java:2549)
	at com.mysql.jdbc.PreparedStatement.executeInternal(PreparedStatement.java:1861)
	at com.mysql.jdbc.PreparedStatement.executeQuery(PreparedStatement.java:1962)
	at org.hibernate.engine.jdbc.internal.ResultSetReturnImpl.extract(ResultSetReturnImpl.java:82)
	... 37 more
2017-11-23 11:45:54,880 3119 [main] WARN  org.hibernate.engine.jdbc.spi.SqlExceptionHelper  - SQL Warning Code: 1054, SQLState: 42S22
2017-11-23 11:45:54,881 3120 [main] WARN  org.hibernate.engine.jdbc.spi.SqlExceptionHelper  - Unknown column 'this_.user_id_pk' in 'field list'
2017-11-23 11:46:28,696 0    [main] INFO  org.hibernate.annotations.common.Version  - HCANN000001: Hibernate Commons Annotations {4.0.5.Final}
2017-11-23 11:46:28,717 21   [main] INFO  org.hibernate.Version  - HHH000412: Hibernate Core {4.3.11.Final}
2017-11-23 11:46:28,722 26   [main] INFO  org.hibernate.cfg.Environment  - HHH000206: hibernate.properties not found
2017-11-23 11:46:28,729 33   [main] INFO  org.hibernate.cfg.Environment  - HHH000021: Bytecode provider name : javassist
2017-11-23 11:46:28,760 64   [main] INFO  org.hibernate.cfg.Configuration  - HHH000043: Configuring from resource: /hibernate.cfg.xml
2017-11-23 11:46:28,761 65   [main] INFO  org.hibernate.cfg.Configuration  - HHH000040: Configuration resource: /hibernate.cfg.xml
2017-11-23 11:46:28,953 257  [main] INFO  org.hibernate.cfg.Configuration  - HHH000041: Configured SessionFactory: null
2017-11-23 11:46:29,119 423  [main] WARN  org.hibernate.engine.jdbc.connections.internal.DriverManagerConnectionProviderImpl  - HHH000402: Using Hibernate built-in connection pool (not for production use!)
2017-11-23 11:46:29,130 434  [main] INFO  org.hibernate.engine.jdbc.connections.internal.DriverManagerConnectionProviderImpl  - HHH000401: using driver [com.mysql.jdbc.Driver] at URL [jdbc:mysql://localhost:3306/productivityapp_dbtest]
2017-11-23 11:46:29,131 435  [main] INFO  org.hibernate.engine.jdbc.connections.internal.DriverManagerConnectionProviderImpl  - HHH000046: Connection properties: {user=root, password=****}
2017-11-23 11:46:29,131 435  [main] INFO  org.hibernate.engine.jdbc.connections.internal.DriverManagerConnectionProviderImpl  - HHH000006: Autocommit mode: false
2017-11-23 11:46:29,133 437  [main] INFO  org.hibernate.engine.jdbc.connections.internal.DriverManagerConnectionProviderImpl  - HHH000115: Hibernate connection pool size: 20 (min=1)
2017-11-23 11:46:29,933 1237 [main] INFO  org.hibernate.dialect.Dialect  - HHH000400: Using dialect: org.hibernate.dialect.MySQL5Dialect
2017-11-23 11:46:30,233 1537 [main] INFO  org.hibernate.engine.transaction.internal.TransactionFactoryInitiator  - HHH000399: Using default transaction strategy (direct JDBC transactions)
2017-11-23 11:46:30,248 1552 [main] INFO  org.hibernate.hql.internal.ast.ASTQueryTranslatorFactory  - HHH000397: Using ASTQueryTranslatorFactory
2017-11-23 11:46:30,968 2272 [main] INFO  org.hibernate.tool.hbm2ddl.SchemaExport  - HHH000227: Running hbm2ddl schema export
2017-11-23 11:46:31,277 2581 [main] INFO  org.hibernate.tool.hbm2ddl.SchemaExport  - HHH000230: Schema export complete
2017-11-23 11:46:31,370 2674 [main] WARN  org.hibernate.engine.jdbc.spi.SqlExceptionHelper  - SQL Error: 1054, SQLState: 42S22
2017-11-23 11:46:31,370 2674 [main] ERROR org.hibernate.engine.jdbc.spi.SqlExceptionHelper  - Unknown column 'this_.user_id_pk' in 'field list'
2017-11-23 11:46:31,372 2676 [main] ERROR edu.matc.persistence.UserDao  - Error getting all users
org.hibernate.exception.SQLGrammarException: could not extract ResultSet
	at org.hibernate.exception.internal.SQLExceptionTypeDelegate.convert(SQLExceptionTypeDelegate.java:80)
	at org.hibernate.exception.internal.StandardSQLExceptionConverter.convert(StandardSQLExceptionConverter.java:49)
	at org.hibernate.engine.jdbc.spi.SqlExceptionHelper.convert(SqlExceptionHelper.java:126)
	at org.hibernate.engine.jdbc.spi.SqlExceptionHelper.convert(SqlExceptionHelper.java:112)
	at org.hibernate.engine.jdbc.internal.ResultSetReturnImpl.extract(ResultSetReturnImpl.java:91)
	at org.hibernate.loader.Loader.getResultSet(Loader.java:2066)
	at org.hibernate.loader.Loader.executeQueryStatement(Loader.java:1863)
	at org.hibernate.loader.Loader.executeQueryStatement(Loader.java:1839)
	at org.hibernate.loader.Loader.doQuery(Loader.java:910)
	at org.hibernate.loader.Loader.doQueryAndInitializeNonLazyCollections(Loader.java:355)
	at org.hibernate.loader.Loader.doList(Loader.java:2554)
	at org.hibernate.loader.Loader.doList(Loader.java:2540)
	at org.hibernate.loader.Loader.listIgnoreQueryCache(Loader.java:2370)
	at org.hibernate.loader.Loader.list(Loader.java:2365)
	at org.hibernate.loader.criteria.CriteriaLoader.list(CriteriaLoader.java:126)
	at org.hibernate.internal.SessionImpl.list(SessionImpl.java:1718)
	at org.hibernate.internal.CriteriaImpl.list(CriteriaImpl.java:380)
	at edu.matc.persistence.UserDao.getAllUsers(UserDao.java:122)
	at edu.matc.persistence.UserDaoTest.getAllUsers(UserDaoTest.java:36)
	at sun.reflect.NativeMethodAccessorImpl.invoke0(Native Method)
	at sun.reflect.NativeMethodAccessorImpl.invoke(NativeMethodAccessorImpl.java:62)
	at sun.reflect.DelegatingMethodAccessorImpl.invoke(DelegatingMethodAccessorImpl.java:43)
	at java.lang.reflect.Method.invoke(Method.java:498)
	at org.junit.runners.model.FrameworkMethod$1.runReflectiveCall(FrameworkMethod.java:50)
	at org.junit.internal.runners.model.ReflectiveCallable.run(ReflectiveCallable.java:12)
	at org.junit.runners.model.FrameworkMethod.invokeExplosively(FrameworkMethod.java:47)
	at org.junit.internal.runners.statements.InvokeMethod.evaluate(InvokeMethod.java:17)
	at org.junit.internal.runners.statements.RunBefores.evaluate(RunBefores.java:26)
	at org.junit.runners.ParentRunner.runLeaf(ParentRunner.java:325)
	at org.junit.runners.BlockJUnit4ClassRunner.runChild(BlockJUnit4ClassRunner.java:78)
	at org.junit.runners.BlockJUnit4ClassRunner.runChild(BlockJUnit4ClassRunner.java:57)
	at org.junit.runners.ParentRunner$3.run(ParentRunner.java:290)
	at org.junit.runners.ParentRunner$1.schedule(ParentRunner.java:71)
	at org.junit.runners.ParentRunner.runChildren(ParentRunner.java:288)
	at org.junit.runners.ParentRunner.access$000(ParentRunner.java:58)
	at org.junit.runners.ParentRunner$2.evaluate(ParentRunner.java:268)
	at org.junit.runners.ParentRunner.run(ParentRunner.java:363)
	at org.junit.runner.JUnitCore.run(JUnitCore.java:137)
	at com.intellij.junit4.JUnit4IdeaTestRunner.startRunnerWithArgs(JUnit4IdeaTestRunner.java:68)
	at com.intellij.rt.execution.junit.IdeaTestRunner$Repeater.startRunnerWithArgs(IdeaTestRunner.java:47)
	at com.intellij.rt.execution.junit.JUnitStarter.prepareStreamsAndStart(JUnitStarter.java:242)
	at com.intellij.rt.execution.junit.JUnitStarter.main(JUnitStarter.java:70)
Caused by: com.mysql.jdbc.exceptions.jdbc4.MySQLSyntaxErrorException: Unknown column 'this_.user_id_pk' in 'field list'
	at sun.reflect.NativeConstructorAccessorImpl.newInstance0(Native Method)
	at sun.reflect.NativeConstructorAccessorImpl.newInstance(NativeConstructorAccessorImpl.java:62)
	at sun.reflect.DelegatingConstructorAccessorImpl.newInstance(DelegatingConstructorAccessorImpl.java:45)
	at java.lang.reflect.Constructor.newInstance(Constructor.java:423)
	at com.mysql.jdbc.Util.handleNewInstance(Util.java:404)
	at com.mysql.jdbc.Util.getInstance(Util.java:387)
	at com.mysql.jdbc.SQLError.createSQLException(SQLError.java:942)
	at com.mysql.jdbc.MysqlIO.checkErrorPacket(MysqlIO.java:3966)
	at com.mysql.jdbc.MysqlIO.checkErrorPacket(MysqlIO.java:3902)
	at com.mysql.jdbc.MysqlIO.sendCommand(MysqlIO.java:2526)
	at com.mysql.jdbc.MysqlIO.sqlQueryDirect(MysqlIO.java:2673)
	at com.mysql.jdbc.ConnectionImpl.execSQL(ConnectionImpl.java:2549)
	at com.mysql.jdbc.PreparedStatement.executeInternal(PreparedStatement.java:1861)
	at com.mysql.jdbc.PreparedStatement.executeQuery(PreparedStatement.java:1962)
	at org.hibernate.engine.jdbc.internal.ResultSetReturnImpl.extract(ResultSetReturnImpl.java:82)
	... 37 more
2017-11-23 11:46:31,377 2681 [main] WARN  org.hibernate.engine.jdbc.spi.SqlExceptionHelper  - SQL Warning Code: 1054, SQLState: 42S22
2017-11-23 11:46:31,377 2681 [main] WARN  org.hibernate.engine.jdbc.spi.SqlExceptionHelper  - Unknown column 'this_.user_id_pk' in 'field list'
2017-11-23 11:49:19,291 0    [main] INFO  org.hibernate.annotations.common.Version  - HCANN000001: Hibernate Commons Annotations {4.0.5.Final}
2017-11-23 11:49:19,301 10   [main] INFO  org.hibernate.Version  - HHH000412: Hibernate Core {4.3.11.Final}
2017-11-23 11:49:19,305 14   [main] INFO  org.hibernate.cfg.Environment  - HHH000206: hibernate.properties not found
2017-11-23 11:49:19,308 17   [main] INFO  org.hibernate.cfg.Environment  - HHH000021: Bytecode provider name : javassist
2017-11-23 11:49:19,333 42   [main] INFO  org.hibernate.cfg.Configuration  - HHH000043: Configuring from resource: /hibernate.cfg.xml
2017-11-23 11:49:19,334 43   [main] INFO  org.hibernate.cfg.Configuration  - HHH000040: Configuration resource: /hibernate.cfg.xml
2017-11-23 11:49:19,536 245  [main] INFO  org.hibernate.cfg.Configuration  - HHH000041: Configured SessionFactory: null
2017-11-23 11:49:19,783 492  [main] WARN  org.hibernate.engine.jdbc.connections.internal.DriverManagerConnectionProviderImpl  - HHH000402: Using Hibernate built-in connection pool (not for production use!)
2017-11-23 11:49:19,795 504  [main] INFO  org.hibernate.engine.jdbc.connections.internal.DriverManagerConnectionProviderImpl  - HHH000401: using driver [com.mysql.jdbc.Driver] at URL [jdbc:mysql://localhost:3306/productivityapp_dbtest]
2017-11-23 11:49:19,796 505  [main] INFO  org.hibernate.engine.jdbc.connections.internal.DriverManagerConnectionProviderImpl  - HHH000046: Connection properties: {user=root, password=****}
2017-11-23 11:49:19,799 508  [main] INFO  org.hibernate.engine.jdbc.connections.internal.DriverManagerConnectionProviderImpl  - HHH000006: Autocommit mode: false
2017-11-23 11:49:19,801 510  [main] INFO  org.hibernate.engine.jdbc.connections.internal.DriverManagerConnectionProviderImpl  - HHH000115: Hibernate connection pool size: 20 (min=1)
2017-11-23 11:49:20,989 1698 [main] INFO  org.hibernate.dialect.Dialect  - HHH000400: Using dialect: org.hibernate.dialect.MySQL5Dialect
2017-11-23 11:49:21,282 1991 [main] INFO  org.hibernate.engine.transaction.internal.TransactionFactoryInitiator  - HHH000399: Using default transaction strategy (direct JDBC transactions)
2017-11-23 11:49:21,312 2021 [main] INFO  org.hibernate.hql.internal.ast.ASTQueryTranslatorFactory  - HHH000397: Using ASTQueryTranslatorFactory
2017-11-23 11:49:21,980 2689 [main] INFO  org.hibernate.tool.hbm2ddl.SchemaExport  - HHH000227: Running hbm2ddl schema export
2017-11-23 11:49:22,228 2937 [main] INFO  org.hibernate.tool.hbm2ddl.SchemaExport  - HHH000230: Schema export complete
2017-11-23 11:49:22,374 3083 [main] WARN  org.hibernate.engine.jdbc.spi.SqlExceptionHelper  - SQL Error: 1054, SQLState: 42S22
2017-11-23 11:49:22,374 3083 [main] ERROR org.hibernate.engine.jdbc.spi.SqlExceptionHelper  - Unknown column 'this_.user_id_pk' in 'field list'
2017-11-23 11:49:22,376 3085 [main] ERROR edu.matc.persistence.UserDao  - Error getting all users
org.hibernate.exception.SQLGrammarException: could not extract ResultSet
	at org.hibernate.exception.internal.SQLExceptionTypeDelegate.convert(SQLExceptionTypeDelegate.java:80)
	at org.hibernate.exception.internal.StandardSQLExceptionConverter.convert(StandardSQLExceptionConverter.java:49)
	at org.hibernate.engine.jdbc.spi.SqlExceptionHelper.convert(SqlExceptionHelper.java:126)
	at org.hibernate.engine.jdbc.spi.SqlExceptionHelper.convert(SqlExceptionHelper.java:112)
	at org.hibernate.engine.jdbc.internal.ResultSetReturnImpl.extract(ResultSetReturnImpl.java:91)
	at org.hibernate.loader.Loader.getResultSet(Loader.java:2066)
	at org.hibernate.loader.Loader.executeQueryStatement(Loader.java:1863)
	at org.hibernate.loader.Loader.executeQueryStatement(Loader.java:1839)
	at org.hibernate.loader.Loader.doQuery(Loader.java:910)
	at org.hibernate.loader.Loader.doQueryAndInitializeNonLazyCollections(Loader.java:355)
	at org.hibernate.loader.Loader.doList(Loader.java:2554)
	at org.hibernate.loader.Loader.doList(Loader.java:2540)
	at org.hibernate.loader.Loader.listIgnoreQueryCache(Loader.java:2370)
	at org.hibernate.loader.Loader.list(Loader.java:2365)
	at org.hibernate.loader.criteria.CriteriaLoader.list(CriteriaLoader.java:126)
	at org.hibernate.internal.SessionImpl.list(SessionImpl.java:1718)
	at org.hibernate.internal.CriteriaImpl.list(CriteriaImpl.java:380)
	at edu.matc.persistence.UserDao.getAllUsers(UserDao.java:122)
	at edu.matc.persistence.UserDaoTest.getAllUsers(UserDaoTest.java:36)
	at sun.reflect.NativeMethodAccessorImpl.invoke0(Native Method)
	at sun.reflect.NativeMethodAccessorImpl.invoke(NativeMethodAccessorImpl.java:62)
	at sun.reflect.DelegatingMethodAccessorImpl.invoke(DelegatingMethodAccessorImpl.java:43)
	at java.lang.reflect.Method.invoke(Method.java:498)
	at org.junit.runners.model.FrameworkMethod$1.runReflectiveCall(FrameworkMethod.java:50)
	at org.junit.internal.runners.model.ReflectiveCallable.run(ReflectiveCallable.java:12)
	at org.junit.runners.model.FrameworkMethod.invokeExplosively(FrameworkMethod.java:47)
	at org.junit.internal.runners.statements.InvokeMethod.evaluate(InvokeMethod.java:17)
	at org.junit.internal.runners.statements.RunBefores.evaluate(RunBefores.java:26)
	at org.junit.runners.ParentRunner.runLeaf(ParentRunner.java:325)
	at org.junit.runners.BlockJUnit4ClassRunner.runChild(BlockJUnit4ClassRunner.java:78)
	at org.junit.runners.BlockJUnit4ClassRunner.runChild(BlockJUnit4ClassRunner.java:57)
	at org.junit.runners.ParentRunner$3.run(ParentRunner.java:290)
	at org.junit.runners.ParentRunner$1.schedule(ParentRunner.java:71)
	at org.junit.runners.ParentRunner.runChildren(ParentRunner.java:288)
	at org.junit.runners.ParentRunner.access$000(ParentRunner.java:58)
	at org.junit.runners.ParentRunner$2.evaluate(ParentRunner.java:268)
	at org.junit.runners.ParentRunner.run(ParentRunner.java:363)
	at org.junit.runner.JUnitCore.run(JUnitCore.java:137)
	at com.intellij.junit4.JUnit4IdeaTestRunner.startRunnerWithArgs(JUnit4IdeaTestRunner.java:68)
	at com.intellij.rt.execution.junit.IdeaTestRunner$Repeater.startRunnerWithArgs(IdeaTestRunner.java:47)
	at com.intellij.rt.execution.junit.JUnitStarter.prepareStreamsAndStart(JUnitStarter.java:242)
	at com.intellij.rt.execution.junit.JUnitStarter.main(JUnitStarter.java:70)
Caused by: com.mysql.jdbc.exceptions.jdbc4.MySQLSyntaxErrorException: Unknown column 'this_.user_id_pk' in 'field list'
	at sun.reflect.NativeConstructorAccessorImpl.newInstance0(Native Method)
	at sun.reflect.NativeConstructorAccessorImpl.newInstance(NativeConstructorAccessorImpl.java:62)
	at sun.reflect.DelegatingConstructorAccessorImpl.newInstance(DelegatingConstructorAccessorImpl.java:45)
	at java.lang.reflect.Constructor.newInstance(Constructor.java:423)
	at com.mysql.jdbc.Util.handleNewInstance(Util.java:404)
	at com.mysql.jdbc.Util.getInstance(Util.java:387)
	at com.mysql.jdbc.SQLError.createSQLException(SQLError.java:942)
	at com.mysql.jdbc.MysqlIO.checkErrorPacket(MysqlIO.java:3966)
	at com.mysql.jdbc.MysqlIO.checkErrorPacket(MysqlIO.java:3902)
	at com.mysql.jdbc.MysqlIO.sendCommand(MysqlIO.java:2526)
	at com.mysql.jdbc.MysqlIO.sqlQueryDirect(MysqlIO.java:2673)
	at com.mysql.jdbc.ConnectionImpl.execSQL(ConnectionImpl.java:2549)
	at com.mysql.jdbc.PreparedStatement.executeInternal(PreparedStatement.java:1861)
	at com.mysql.jdbc.PreparedStatement.executeQuery(PreparedStatement.java:1962)
	at org.hibernate.engine.jdbc.internal.ResultSetReturnImpl.extract(ResultSetReturnImpl.java:82)
	... 37 more
2017-11-23 11:49:22,381 3090 [main] WARN  org.hibernate.engine.jdbc.spi.SqlExceptionHelper  - SQL Warning Code: 1054, SQLState: 42S22
2017-11-23 11:49:22,381 3090 [main] WARN  org.hibernate.engine.jdbc.spi.SqlExceptionHelper  - Unknown column 'this_.user_id_pk' in 'field list'
2017-11-23 11:52:18,886 0    [main] INFO  org.hibernate.annotations.common.Version  - HCANN000001: Hibernate Commons Annotations {4.0.5.Final}
2017-11-23 11:52:18,898 12   [main] INFO  org.hibernate.Version  - HHH000412: Hibernate Core {4.3.11.Final}
2017-11-23 11:52:18,903 17   [main] INFO  org.hibernate.cfg.Environment  - HHH000206: hibernate.properties not found
2017-11-23 11:52:18,906 20   [main] INFO  org.hibernate.cfg.Environment  - HHH000021: Bytecode provider name : javassist
2017-11-23 11:52:18,946 60   [main] INFO  org.hibernate.cfg.Configuration  - HHH000043: Configuring from resource: /hibernate.cfg.xml
2017-11-23 11:52:18,947 61   [main] INFO  org.hibernate.cfg.Configuration  - HHH000040: Configuration resource: /hibernate.cfg.xml
2017-11-23 11:52:19,128 242  [main] INFO  org.hibernate.cfg.Configuration  - HHH000041: Configured SessionFactory: null
2017-11-23 11:52:19,306 420  [main] WARN  org.hibernate.engine.jdbc.connections.internal.DriverManagerConnectionProviderImpl  - HHH000402: Using Hibernate built-in connection pool (not for production use!)
2017-11-23 11:52:19,318 432  [main] INFO  org.hibernate.engine.jdbc.connections.internal.DriverManagerConnectionProviderImpl  - HHH000401: using driver [com.mysql.jdbc.Driver] at URL [jdbc:mysql://localhost:3306/productivityapp_dbtest]
2017-11-23 11:52:19,318 432  [main] INFO  org.hibernate.engine.jdbc.connections.internal.DriverManagerConnectionProviderImpl  - HHH000046: Connection properties: {user=root, password=****}
2017-11-23 11:52:19,319 433  [main] INFO  org.hibernate.engine.jdbc.connections.internal.DriverManagerConnectionProviderImpl  - HHH000006: Autocommit mode: false
2017-11-23 11:52:19,320 434  [main] INFO  org.hibernate.engine.jdbc.connections.internal.DriverManagerConnectionProviderImpl  - HHH000115: Hibernate connection pool size: 20 (min=1)
2017-11-23 11:52:20,311 1425 [main] INFO  org.hibernate.dialect.Dialect  - HHH000400: Using dialect: org.hibernate.dialect.MySQL5Dialect
2017-11-23 11:52:20,710 1824 [main] INFO  org.hibernate.engine.transaction.internal.TransactionFactoryInitiator  - HHH000399: Using default transaction strategy (direct JDBC transactions)
2017-11-23 11:52:20,727 1841 [main] INFO  org.hibernate.hql.internal.ast.ASTQueryTranslatorFactory  - HHH000397: Using ASTQueryTranslatorFactory
2017-11-23 11:52:21,386 2500 [main] INFO  org.hibernate.tool.hbm2ddl.SchemaExport  - HHH000227: Running hbm2ddl schema export
2017-11-23 11:52:21,615 2729 [main] INFO  org.hibernate.tool.hbm2ddl.SchemaExport  - HHH000230: Schema export complete
2017-11-23 11:52:21,722 2836 [main] WARN  org.hibernate.engine.jdbc.spi.SqlExceptionHelper  - SQL Error: 1054, SQLState: 42S22
2017-11-23 11:52:21,722 2836 [main] ERROR org.hibernate.engine.jdbc.spi.SqlExceptionHelper  - Unknown column 'this_.user_id_pk' in 'field list'
2017-11-23 11:52:21,724 2838 [main] ERROR edu.matc.persistence.UserDao  - Error getting all users
org.hibernate.exception.SQLGrammarException: could not extract ResultSet
	at org.hibernate.exception.internal.SQLExceptionTypeDelegate.convert(SQLExceptionTypeDelegate.java:80)
	at org.hibernate.exception.internal.StandardSQLExceptionConverter.convert(StandardSQLExceptionConverter.java:49)
	at org.hibernate.engine.jdbc.spi.SqlExceptionHelper.convert(SqlExceptionHelper.java:126)
	at org.hibernate.engine.jdbc.spi.SqlExceptionHelper.convert(SqlExceptionHelper.java:112)
	at org.hibernate.engine.jdbc.internal.ResultSetReturnImpl.extract(ResultSetReturnImpl.java:91)
	at org.hibernate.loader.Loader.getResultSet(Loader.java:2066)
	at org.hibernate.loader.Loader.executeQueryStatement(Loader.java:1863)
	at org.hibernate.loader.Loader.executeQueryStatement(Loader.java:1839)
	at org.hibernate.loader.Loader.doQuery(Loader.java:910)
	at org.hibernate.loader.Loader.doQueryAndInitializeNonLazyCollections(Loader.java:355)
	at org.hibernate.loader.Loader.doList(Loader.java:2554)
	at org.hibernate.loader.Loader.doList(Loader.java:2540)
	at org.hibernate.loader.Loader.listIgnoreQueryCache(Loader.java:2370)
	at org.hibernate.loader.Loader.list(Loader.java:2365)
	at org.hibernate.loader.criteria.CriteriaLoader.list(CriteriaLoader.java:126)
	at org.hibernate.internal.SessionImpl.list(SessionImpl.java:1718)
	at org.hibernate.internal.CriteriaImpl.list(CriteriaImpl.java:380)
	at edu.matc.persistence.UserDao.getAllUsers(UserDao.java:122)
	at edu.matc.persistence.UserDaoTest.getAllUsers(UserDaoTest.java:36)
	at sun.reflect.NativeMethodAccessorImpl.invoke0(Native Method)
	at sun.reflect.NativeMethodAccessorImpl.invoke(NativeMethodAccessorImpl.java:62)
	at sun.reflect.DelegatingMethodAccessorImpl.invoke(DelegatingMethodAccessorImpl.java:43)
	at java.lang.reflect.Method.invoke(Method.java:498)
	at org.junit.runners.model.FrameworkMethod$1.runReflectiveCall(FrameworkMethod.java:50)
	at org.junit.internal.runners.model.ReflectiveCallable.run(ReflectiveCallable.java:12)
	at org.junit.runners.model.FrameworkMethod.invokeExplosively(FrameworkMethod.java:47)
	at org.junit.internal.runners.statements.InvokeMethod.evaluate(InvokeMethod.java:17)
	at org.junit.internal.runners.statements.RunBefores.evaluate(RunBefores.java:26)
	at org.junit.runners.ParentRunner.runLeaf(ParentRunner.java:325)
	at org.junit.runners.BlockJUnit4ClassRunner.runChild(BlockJUnit4ClassRunner.java:78)
	at org.junit.runners.BlockJUnit4ClassRunner.runChild(BlockJUnit4ClassRunner.java:57)
	at org.junit.runners.ParentRunner$3.run(ParentRunner.java:290)
	at org.junit.runners.ParentRunner$1.schedule(ParentRunner.java:71)
	at org.junit.runners.ParentRunner.runChildren(ParentRunner.java:288)
	at org.junit.runners.ParentRunner.access$000(ParentRunner.java:58)
	at org.junit.runners.ParentRunner$2.evaluate(ParentRunner.java:268)
	at org.junit.runners.ParentRunner.run(ParentRunner.java:363)
	at org.junit.runner.JUnitCore.run(JUnitCore.java:137)
	at com.intellij.junit4.JUnit4IdeaTestRunner.startRunnerWithArgs(JUnit4IdeaTestRunner.java:68)
	at com.intellij.rt.execution.junit.IdeaTestRunner$Repeater.startRunnerWithArgs(IdeaTestRunner.java:47)
	at com.intellij.rt.execution.junit.JUnitStarter.prepareStreamsAndStart(JUnitStarter.java:242)
	at com.intellij.rt.execution.junit.JUnitStarter.main(JUnitStarter.java:70)
Caused by: com.mysql.jdbc.exceptions.jdbc4.MySQLSyntaxErrorException: Unknown column 'this_.user_id_pk' in 'field list'
	at sun.reflect.NativeConstructorAccessorImpl.newInstance0(Native Method)
	at sun.reflect.NativeConstructorAccessorImpl.newInstance(NativeConstructorAccessorImpl.java:62)
	at sun.reflect.DelegatingConstructorAccessorImpl.newInstance(DelegatingConstructorAccessorImpl.java:45)
	at java.lang.reflect.Constructor.newInstance(Constructor.java:423)
	at com.mysql.jdbc.Util.handleNewInstance(Util.java:404)
	at com.mysql.jdbc.Util.getInstance(Util.java:387)
	at com.mysql.jdbc.SQLError.createSQLException(SQLError.java:942)
	at com.mysql.jdbc.MysqlIO.checkErrorPacket(MysqlIO.java:3966)
	at com.mysql.jdbc.MysqlIO.checkErrorPacket(MysqlIO.java:3902)
	at com.mysql.jdbc.MysqlIO.sendCommand(MysqlIO.java:2526)
	at com.mysql.jdbc.MysqlIO.sqlQueryDirect(MysqlIO.java:2673)
	at com.mysql.jdbc.ConnectionImpl.execSQL(ConnectionImpl.java:2549)
	at com.mysql.jdbc.PreparedStatement.executeInternal(PreparedStatement.java:1861)
	at com.mysql.jdbc.PreparedStatement.executeQuery(PreparedStatement.java:1962)
	at org.hibernate.engine.jdbc.internal.ResultSetReturnImpl.extract(ResultSetReturnImpl.java:82)
	... 37 more
2017-11-23 11:52:21,728 2842 [main] WARN  org.hibernate.engine.jdbc.spi.SqlExceptionHelper  - SQL Warning Code: 1054, SQLState: 42S22
2017-11-23 11:52:21,728 2842 [main] WARN  org.hibernate.engine.jdbc.spi.SqlExceptionHelper  - Unknown column 'this_.user_id_pk' in 'field list'
2017-11-23 18:30:15,330 0    [http-nio-8080-exec-10] INFO  edu.matc.controller.UserRegister  - /user_register.jsp
2017-11-23 18:30:15,500 170  [http-nio-8080-exec-10] INFO  edu.matc.controller.UserRegister  - fred
2017-11-23 18:30:15,504 174  [http-nio-8080-exec-10] INFO  edu.matc.controller.UserRegister  - passsword
2017-11-23 18:30:15,504 174  [http-nio-8080-exec-10] INFO  edu.matc.controller.UserRegister  - password
2017-11-23 18:30:42,206 26876 [http-nio-8080-exec-5] INFO  edu.matc.controller.LoginHandler  - your mom is in dogetting
2017-11-23 18:30:47,137 31807 [http-nio-8080-exec-6] INFO  edu.matc.controller.LoginHandler  - your mom is in dogetting
2017-11-23 18:56:05,465 0    [http-nio-8080-exec-1] INFO  edu.matc.controller.LoginHandler  - your mom is in dogetting
